Fitter report for one
Mon Sep 12 21:03:36 2011
Quartus II Version 7.2 Build 151 09/26/2007 SJ Web Edition


---------------------
; Table of Contents ;
---------------------
  1. Legal Notice
  2. Fitter Summary
  3. Fitter Settings
  4. Pin-Out File
  5. Fitter Resource Usage Summary
  6. Input Pins
  7. Output Pins
  8. I/O Bank Usage
  9. All Package Pins
 10. Output Pin Default Load For Reported TCO
 11. Fitter Resource Utilization by Entity
 12. Delay Chain Summary
 13. Pad To Core Delay Chain Fanout
 14. Control Signals
 15. Non-Global High Fan-Out Signals
 16. Interconnect Usage Summary
 17. LAB Logic Elements
 18. LAB-wide Signals
 19. LAB Signals Sourced
 20. LAB Signals Sourced Out
 21. LAB Distinct Inputs
 22. Fitter Device Options
 23. Advanced Data - General
 24. Advanced Data - Placement Preparation
 25. Advanced Data - Placement
 26. Advanced Data - Routing
 27. Fitter Messages
 28. Fitter Suppressed Messages



----------------
; Legal Notice ;
----------------
Copyright (C) 1991-2007 Altera Corporation
Your use of Altera Corporation's design tools, logic functions 
and other software and tools, and its AMPP partner logic 
functions, and any output files from any of the foregoing 
(including device programming or simulation files), and any 
associated documentation or information are expressly subject 
to the terms and conditions of the Altera Program License 
Subscription Agreement, Altera MegaCore Function License 
Agreement, or other applicable license agreement, including, 
without limitation, that your use is for the sole purpose of 
programming logic devices manufactured by Altera and sold by 
Altera or its authorized distributors.  Please refer to the 
applicable agreement for further details.



+-----------------------------------------------------------------+
; Fitter Summary                                                  ;
+-----------------------+-----------------------------------------+
; Fitter Status         ; Successful - Mon Sep 12 21:03:36 2011   ;
; Quartus II Version    ; 7.2 Build 151 09/26/2007 SJ Web Edition ;
; Revision Name         ; one                                     ;
; Top-level Entity Name ; addsub_8                                ;
; Family                ; Cyclone                                 ;
; Device                ; EP1C6T144C8                             ;
; Timing Models         ; Final                                   ;
; Total logic elements  ; 20 / 5,980 ( < 1 % )                    ;
; Total pins            ; 31 / 98 ( 32 % )                        ;
; Total virtual pins    ; 0                                       ;
; Total memory bits     ; 0 / 92,160 ( 0 % )                      ;
; Total PLLs            ; 0 / 2 ( 0 % )                           ;
+-----------------------+-----------------------------------------+


+--------------------------------------------------------------------------------------------------------------------------------------+
; Fitter Settings                                                                                                                      ;
+--------------------------------------------------------------------+--------------------------------+--------------------------------+
; Option                                                             ; Setting                        ; Default Value                  ;
+--------------------------------------------------------------------+--------------------------------+--------------------------------+
; Device                                                             ; EP1C6T144C8                    ;                                ;
; Fit Attempts to Skip                                               ; 0                              ; 0.0                            ;
; Use smart compilation                                              ; Off                            ; Off                            ;
; Maximum processors allowed for parallel compilation                ; 1                              ; 1                              ;
; Use TimeQuest Timing Analyzer                                      ; Off                            ; Off                            ;
; Router Timing Optimization Level                                   ; Normal                         ; Normal                         ;
; Placement Effort Multiplier                                        ; 1.0                            ; 1.0                            ;
; Router Effort Multiplier                                           ; 1.0                            ; 1.0                            ;
; Optimize Hold Timing                                               ; IO Paths and Minimum TPD Paths ; IO Paths and Minimum TPD Paths ;
; Optimize Fast-Corner Timing                                        ; Off                            ; Off                            ;
; Equivalent RAM and MLAB Paused Read Capabilities                   ; Care                           ; Care                           ;
; Optimize Timing                                                    ; Normal compilation             ; Normal compilation             ;
; Optimize IOC Register Placement for Timing                         ; On                             ; On                             ;
; Limit to One Fitting Attempt                                       ; Off                            ; Off                            ;
; Final Placement Optimizations                                      ; Automatically                  ; Automatically                  ;
; Fitter Aggressive Routability Optimizations                        ; Automatically                  ; Automatically                  ;
; Fitter Initial Placement Seed                                      ; 1                              ; 1                              ;
; Slow Slew Rate                                                     ; Off                            ; Off                            ;
; PCI I/O                                                            ; Off                            ; Off                            ;
; Weak Pull-Up Resistor                                              ; Off                            ; Off                            ;
; Enable Bus-Hold Circuitry                                          ; Off                            ; Off                            ;
; Auto Global Memory Control Signals                                 ; Off                            ; Off                            ;
; Auto Packed Registers -- Cyclone                                   ; Auto                           ; Auto                           ;
; Auto Delay Chains                                                  ; On                             ; On                             ;
; Auto Merge PLLs                                                    ; On                             ; On                             ;
; Perform Physical Synthesis for Combinational Logic for Performance ; Off                            ; Off                            ;
; Perform Register Duplication for Performance                       ; Off                            ; Off                            ;
; Perform Register Retiming for Performance                          ; Off                            ; Off                            ;
; Perform Asynchronous Signal Pipelining                             ; Off                            ; Off                            ;
; Fitter Effort                                                      ; Auto Fit                       ; Auto Fit                       ;
; Physical Synthesis Effort Level                                    ; Normal                         ; Normal                         ;
; Logic Cell Insertion - Logic Duplication                           ; Auto                           ; Auto                           ;
; Auto Register Duplication                                          ; Auto                           ; Auto                           ;
; Auto Global Clock                                                  ; On                             ; On                             ;
; Auto Global Register Control Signals                               ; On                             ; On                             ;
; Stop After Congestion Map Generation                               ; Off                            ; Off                            ;
; Save Intermediate Fitting Results                                  ; Off                            ; Off                            ;
+--------------------------------------------------------------------+--------------------------------+--------------------------------+


+--------------+
; Pin-Out File ;
+--------------+
The pin-out file can be found in D:/jjjj/one.pin.


+--------------------------------------------------------------------+
; Fitter Resource Usage Summary                                      ;
+---------------------------------------------+----------------------+
; Resource                                    ; Usage                ;
+---------------------------------------------+----------------------+
; Total logic elements                        ; 20 / 5,980 ( < 1 % ) ;
;     -- Combinational with no register       ; 19                   ;
;     -- Register only                        ; 0                    ;
;     -- Combinational with a register        ; 1                    ;
;                                             ;                      ;
; Logic element usage by number of LUT inputs ;                      ;
;     -- 4 input functions                    ; 1                    ;
;     -- 3 input functions                    ; 9                    ;
;     -- 2 input functions                    ; 8                    ;
;     -- 1 input functions                    ; 2                    ;
;     -- 0 input functions                    ; 0                    ;
;                                             ;                      ;
; Logic elements by mode                      ;                      ;
;     -- normal mode                          ; 11                   ;
;     -- arithmetic mode                      ; 9                    ;
;     -- qfbk mode                            ; 1                    ;
;     -- register cascade mode                ; 0                    ;
;     -- synchronous clear/load mode          ; 1                    ;
;     -- asynchronous clear/load mode         ; 1                    ;
;                                             ;                      ;
; Total registers                             ; 1 / 6,262 ( < 1 % )  ;
; Total LABs                                  ; 2 / 598 ( < 1 % )    ;
; Logic elements in carry chains              ; 10                   ;
; User inserted logic elements                ; 0                    ;
; Virtual pins                                ; 0                    ;
; I/O pins                                    ; 31 / 98 ( 32 % )     ;
;     -- Clock pins                           ; 1 / 2 ( 50 % )       ;
; Global signals                              ; 0                    ;
; M4Ks                                        ; 0 / 20 ( 0 % )       ;
; Total memory bits                           ; 0 / 92,160 ( 0 % )   ;
; Total RAM block bits                        ; 0 / 92,160 ( 0 % )   ;
; PLLs                                        ; 0 / 2 ( 0 % )        ;
; Global clocks                               ; 0 / 8 ( 0 % )        ;
; Average interconnect usage                  ; 0%                   ;
; Peak interconnect usage                     ; 1%                   ;
; Maximum fan-out node                        ; sub                  ;
; Maximum fan-out                             ; 10                   ;
; Highest non-global fan-out signal           ; sub                  ;
; Highest non-global fan-out                  ; 10                   ;
; Total fan-out                               ; 66                   ;
; Average fan-out                             ; 1.25                 ;
+---------------------------------------------+----------------------+


+---------------------------------------------------------------------------------------------------------------------------------------------------------------------------------------------------------------------------------------------------------------+
; Input Pins                                                                                                                                                                                                                                                    ;
+---------+-------+----------+--------------+--------------+-------------+-----------------------+--------------------+--------+----------------+---------------+-----------------+----------+--------------+--------------+-------------+----------------------+
; Name    ; Pin # ; I/O Bank ; X coordinate ; Y coordinate ; Cell number ; Combinational Fan-Out ; Registered Fan-Out ; Global ; Input Register ; Power Up High ; PCI I/O Enabled ; Bus Hold ; Weak Pull Up ; I/O Standard ; Termination ; Location assigned by ;
+---------+-------+----------+--------------+--------------+-------------+-----------------------+--------------------+--------+----------------+---------------+-----------------+----------+--------------+--------------+-------------+----------------------+
; a[0]    ; 69    ; 4        ; 32           ; 0            ; 2           ; 1                     ; 0                  ; no     ; no             ; no            ; no              ; no       ; Off          ; 3.3-V LVTTL  ; Off         ; Fitter               ;
; a[1]    ; 96    ; 3        ; 35           ; 13           ; 2           ; 1                     ; 0                  ; no     ; no             ; no            ; no              ; no       ; Off          ; 3.3-V LVTTL  ; Off         ; Fitter               ;
; a[2]    ; 76    ; 3        ; 35           ; 2            ; 1           ; 1                     ; 0                  ; no     ; no             ; no            ; no              ; no       ; Off          ; 3.3-V LVTTL  ; Off         ; Fitter               ;
; a[3]    ; 92    ; 3        ; 35           ; 12           ; 2           ; 1                     ; 0                  ; no     ; no             ; no            ; no              ; no       ; Off          ; 3.3-V LVTTL  ; Off         ; Fitter               ;
; a[4]    ; 83    ; 3        ; 35           ; 4            ; 1           ; 1                     ; 0                  ; no     ; no             ; no            ; no              ; no       ; Off          ; 3.3-V LVTTL  ; Off         ; Fitter               ;
; a[5]    ; 61    ; 4        ; 28           ; 0            ; 0           ; 1                     ; 0                  ; no     ; no             ; no            ; no              ; no       ; Off          ; 3.3-V LVTTL  ; Off         ; Fitter               ;
; a[6]    ; 113   ; 2        ; 30           ; 21           ; 0           ; 1                     ; 0                  ; no     ; no             ; no            ; no              ; no       ; Off          ; 3.3-V LVTTL  ; Off         ; Fitter               ;
; a[7]    ; 111   ; 2        ; 32           ; 21           ; 1           ; 2                     ; 0                  ; no     ; no             ; no            ; no              ; no       ; Off          ; 3.3-V LVTTL  ; Off         ; Fitter               ;
; b[0]    ; 123   ; 2        ; 20           ; 21           ; 0           ; 1                     ; 0                  ; no     ; no             ; no            ; no              ; no       ; Off          ; 3.3-V LVTTL  ; Off         ; Fitter               ;
; b[1]    ; 11    ; 1        ; 0            ; 13           ; 0           ; 1                     ; 0                  ; no     ; no             ; no            ; no              ; no       ; Off          ; 3.3-V LVTTL  ; Off         ; Fitter               ;
; b[2]    ; 93    ; 3        ; 35           ; 12           ; 1           ; 1                     ; 0                  ; no     ; no             ; no            ; no              ; no       ; Off          ; 3.3-V LVTTL  ; Off         ; Fitter               ;
; b[3]    ; 98    ; 3        ; 35           ; 17           ; 2           ; 1                     ; 0                  ; no     ; no             ; no            ; no              ; no       ; Off          ; 3.3-V LVTTL  ; Off         ; Fitter               ;
; b[4]    ; 103   ; 3        ; 35           ; 18           ; 0           ; 1                     ; 0                  ; no     ; no             ; no            ; no              ; no       ; Off          ; 3.3-V LVTTL  ; Off         ; Fitter               ;
; b[5]    ; 85    ; 3        ; 35           ; 5            ; 1           ; 1                     ; 0                  ; no     ; no             ; no            ; no              ; no       ; Off          ; 3.3-V LVTTL  ; Off         ; Fitter               ;
; b[6]    ; 72    ; 4        ; 34           ; 0            ; 0           ; 1                     ; 0                  ; no     ; no             ; no            ; no              ; no       ; Off          ; 3.3-V LVTTL  ; Off         ; Fitter               ;
; b[7]    ; 82    ; 3        ; 35           ; 4            ; 2           ; 2                     ; 0                  ; no     ; no             ; no            ; no              ; no       ; Off          ; 3.3-V LVTTL  ; Off         ; Fitter               ;
; carry   ; 109   ; 2        ; 34           ; 21           ; 0           ; 1                     ; 0                  ; no     ; no             ; no            ; no              ; no       ; Off          ; 3.3-V LVTTL  ; Off         ; Fitter               ;
; clear_n ; 110   ; 2        ; 34           ; 21           ; 1           ; 1                     ; 0                  ; no     ; no             ; no            ; no              ; no       ; Off          ; 3.3-V LVTTL  ; Off         ; Fitter               ;
; clock   ; 97    ; 3        ; 35           ; 16           ; 0           ; 1                     ; 0                  ; no     ; no             ; no            ; no              ; no       ; Off          ; 3.3-V LVTTL  ; Off         ; Fitter               ;
; ena     ; 104   ; 3        ; 35           ; 19           ; 2           ; 1                     ; 0                  ; no     ; no             ; no            ; no              ; no       ; Off          ; 3.3-V LVTTL  ; Off         ; Fitter               ;
; sub     ; 122   ; 2        ; 24           ; 21           ; 2           ; 10                    ; 0                  ; no     ; no             ; no            ; no              ; no       ; Off          ; 3.3-V LVTTL  ; Off         ; Fitter               ;
+---------+-------+----------+--------------+--------------+-------------+-----------------------+--------------------+--------+----------------+---------------+-----------------+----------+--------------+--------------+-------------+----------------------+


+-------------------------------------------------------------------------------------------------------------------------------------------------------------------------------------------------------------------------------------------------------------------------------------------------------------+
; Output Pins                                                                                                                                                                                                                                                                                                 ;
+----------+-------+----------+--------------+--------------+-------------+-----------------+------------------------+---------------+----------------+-----------------+------------+---------------+----------+--------------+--------------+------------------+-------------+----------------------+-------+
; Name     ; Pin # ; I/O Bank ; X coordinate ; Y coordinate ; Cell number ; Output Register ; Output Enable Register ; Power Up High ; Slow Slew Rate ; PCI I/O Enabled ; Open Drain ; TRI Primitive ; Bus Hold ; Weak Pull Up ; I/O Standard ; Current Strength ; Termination ; Location assigned by ; Load  ;
+----------+-------+----------+--------------+--------------+-------------+-----------------+------------------------+---------------+----------------+-----------------+------------+---------------+----------+--------------+--------------+------------------+-------------+----------------------+-------+
; coo      ; 112   ; 2        ; 32           ; 21           ; 2           ; no              ; no                     ; no            ; no             ; no              ; no         ; no            ; no       ; Off          ; 3.3-V LVTTL  ; 24mA             ; Off         ; Fitter               ; 10 pF ;
; overflow ; 78    ; 3        ; 35           ; 3            ; 2           ; no              ; no                     ; no            ; no             ; no              ; no         ; no            ; no       ; Off          ; 3.3-V LVTTL  ; 24mA             ; Off         ; Fitter               ; 10 pF ;
; s[0]     ; 67    ; 4        ; 30           ; 0            ; 1           ; no              ; no                     ; no            ; no             ; no              ; no         ; no            ; no       ; Off          ; 3.3-V LVTTL  ; 24mA             ; Off         ; Fitter               ; 10 pF ;
; s[1]     ; 106   ; 3        ; 35           ; 19           ; 0           ; no              ; no                     ; no            ; no             ; no              ; no         ; no            ; no       ; Off          ; 3.3-V LVTTL  ; 24mA             ; Off         ; Fitter               ; 10 pF ;
; s[2]     ; 119   ; 2        ; 30           ; 21           ; 2           ; no              ; no                     ; no            ; no             ; no              ; no         ; no            ; no       ; Off          ; 3.3-V LVTTL  ; 24mA             ; Off         ; Fitter               ; 10 pF ;
; s[3]     ; 100   ; 3        ; 35           ; 17           ; 0           ; no              ; no                     ; no            ; no             ; no              ; no         ; no            ; no       ; Off          ; 3.3-V LVTTL  ; 24mA             ; Off         ; Fitter               ; 10 pF ;
; s[4]     ; 121   ; 2        ; 28           ; 21           ; 1           ; no              ; no                     ; no            ; no             ; no              ; no         ; no            ; no       ; Off          ; 3.3-V LVTTL  ; 24mA             ; Off         ; Fitter               ; 10 pF ;
; s[5]     ; 10    ; 1        ; 0            ; 17           ; 0           ; no              ; no                     ; no            ; no             ; no              ; no         ; no            ; no       ; Off          ; 3.3-V LVTTL  ; 24mA             ; Off         ; Fitter               ; 10 pF ;
; s[6]     ; 84    ; 3        ; 35           ; 4            ; 0           ; no              ; no                     ; no            ; no             ; no              ; no         ; no            ; no       ; Off          ; 3.3-V LVTTL  ; 24mA             ; Off         ; Fitter               ; 10 pF ;
; s[7]     ; 99    ; 3        ; 35           ; 17           ; 1           ; no              ; no                     ; no            ; no             ; no              ; no         ; no            ; no       ; Off          ; 3.3-V LVTTL  ; 24mA             ; Off         ; Fitter               ; 10 pF ;
+----------+-------+----------+--------------+--------------+-------------+-----------------+------------------------+---------------+----------------+-----------------+------------+---------------+----------+--------------+--------------+------------------+-------------+----------------------+-------+


+------------------------------------------------------------+
; I/O Bank Usage                                             ;
+----------+------------------+---------------+--------------+
; I/O Bank ; Usage            ; VCCIO Voltage ; VREF Voltage ;
+----------+------------------+---------------+--------------+
; 1        ; 4 / 22 ( 18 % )  ; 3.3V          ; --           ;
; 2        ; 9 / 26 ( 35 % )  ; 3.3V          ; --           ;
; 3        ; 16 / 24 ( 67 % ) ; 3.3V          ; --           ;
; 4        ; 4 / 26 ( 15 % )  ; 3.3V          ; --           ;
+----------+------------------+---------------+--------------+


+------------------------------------------------------------------------------------------------------------------------------------------------------------------------+
; All Package Pins                                                                                                                                                       ;
+----------+------------+----------+------------------------------------------+--------+--------------+---------+------------+-----------------+----------+--------------+
; Location ; Pad Number ; I/O Bank ; Pin Name/Usage                           ; Dir.   ; I/O Standard ; Voltage ; I/O Type   ; User Assignment ; Bus Hold ; Weak Pull Up ;
+----------+------------+----------+------------------------------------------+--------+--------------+---------+------------+-----------------+----------+--------------+
; 1        ; 0          ; 1        ; GND*                                     ;        ;              ;         ; Row I/O    ;                 ; no       ; Off          ;
; 2        ; 1          ; 1        ; GND*                                     ;        ;              ;         ; Row I/O    ;                 ; no       ; Off          ;
; 3        ; 2          ; 1        ; GND*                                     ;        ;              ;         ; Row I/O    ;                 ; no       ; Off          ;
; 4        ; 3          ; 1        ; GND*                                     ;        ;              ;         ; Row I/O    ;                 ; no       ; Off          ;
; 5        ; 4          ; 1        ; GND*                                     ;        ;              ;         ; Row I/O    ;                 ; no       ; Off          ;
; 6        ; 5          ; 1        ; GND*                                     ;        ;              ;         ; Row I/O    ;                 ; no       ; Off          ;
; 7        ; 6          ; 1        ; GND*                                     ;        ;              ;         ; Row I/O    ;                 ; no       ; Off          ;
; 8        ;            ; 1        ; VCCIO1                                   ; power  ;              ; 3.3V    ; --         ;                 ; --       ; --           ;
; 9        ;            ;          ; GND                                      ; gnd    ;              ;         ; --         ;                 ; --       ; --           ;
; 10       ; 8          ; 1        ; s[5]                                     ; output ; 3.3-V LVTTL  ;         ; Row I/O    ; N               ; no       ; Off          ;
; 11       ; 19         ; 1        ; b[1]                                     ; input  ; 3.3-V LVTTL  ;         ; Row I/O    ; N               ; no       ; Off          ;
; 12       ; 20         ; 1        ; ~nCSO~ / RESERVED_INPUT_WITH_WEAK_PULLUP ; input  ; 3.3-V LVTTL  ;         ; Row I/O    ; N               ; no       ; On           ;
; 13       ; 21         ; 1        ; ^DATA0                                   ; input  ;              ;         ; --         ;                 ; --       ; --           ;
; 14       ; 22         ; 1        ; ^nCONFIG                                 ;        ;              ;         ; --         ;                 ; --       ; --           ;
; 15       ;            ;          ; VCCA_PLL1                                ; power  ;              ; 1.5V    ; --         ;                 ; --       ; --           ;
; 16       ; 23         ; 1        ; GND+                                     ;        ;              ;         ; Row I/O    ;                 ; --       ; --           ;
; 17       ; 24         ; 1        ; GND+                                     ;        ;              ;         ; Row I/O    ;                 ; --       ; --           ;
; 18       ;            ;          ; GNDA_PLL1                                ; gnd    ;              ;         ; --         ;                 ; --       ; --           ;
; 19       ;            ;          ; GNDG_PLL1                                ; gnd    ;              ;         ; --         ;                 ; --       ; --           ;
; 20       ; 25         ; 1        ; ^nCEO                                    ;        ;              ;         ; --         ;                 ; --       ; --           ;
; 21       ; 26         ; 1        ; ^nCE                                     ;        ;              ;         ; --         ;                 ; --       ; --           ;
; 22       ; 27         ; 1        ; ^MSEL0                                   ;        ;              ;         ; --         ;                 ; --       ; --           ;
; 23       ; 28         ; 1        ; ^MSEL1                                   ;        ;              ;         ; --         ;                 ; --       ; --           ;
; 24       ; 29         ; 1        ; ^DCLK                                    ; bidir  ;              ;         ; --         ;                 ; --       ; --           ;
; 25       ; 30         ; 1        ; ~ASDO~ / RESERVED_INPUT_WITH_WEAK_PULLUP ; input  ; 3.3-V LVTTL  ;         ; Row I/O    ; N               ; no       ; On           ;
; 26       ; 31         ; 1        ; GND*                                     ;        ;              ;         ; Row I/O    ;                 ; no       ; Off          ;
; 27       ; 32         ; 1        ; GND*                                     ;        ;              ;         ; Row I/O    ;                 ; no       ; Off          ;
; 28       ; 42         ; 1        ; GND*                                     ;        ;              ;         ; Row I/O    ;                 ; no       ; Off          ;
; 29       ;            ; 1        ; VCCIO1                                   ; power  ;              ; 3.3V    ; --         ;                 ; --       ; --           ;
; 30       ;            ;          ; GND                                      ; gnd    ;              ;         ; --         ;                 ; --       ; --           ;
; 31       ; 45         ; 1        ; GND*                                     ;        ;              ;         ; Row I/O    ;                 ; no       ; Off          ;
; 32       ; 46         ; 1        ; GND*                                     ;        ;              ;         ; Row I/O    ;                 ; no       ; Off          ;
; 33       ; 47         ; 1        ; GND*                                     ;        ;              ;         ; Row I/O    ;                 ; no       ; Off          ;
; 34       ; 48         ; 1        ; GND*                                     ;        ;              ;         ; Row I/O    ;                 ; no       ; Off          ;
; 35       ; 49         ; 1        ; GND*                                     ;        ;              ;         ; Row I/O    ;                 ; no       ; Off          ;
; 36       ; 50         ; 1        ; GND*                                     ;        ;              ;         ; Row I/O    ;                 ; no       ; Off          ;
; 37       ; 51         ; 4        ; GND*                                     ;        ;              ;         ; Column I/O ;                 ; no       ; Off          ;
; 38       ; 52         ; 4        ; GND*                                     ;        ;              ;         ; Column I/O ;                 ; no       ; Off          ;
; 39       ; 55         ; 4        ; GND*                                     ;        ;              ;         ; Column I/O ;                 ; no       ; Off          ;
; 40       ; 56         ; 4        ; GND*                                     ;        ;              ;         ; Column I/O ;                 ; no       ; Off          ;
; 41       ; 57         ; 4        ; GND*                                     ;        ;              ;         ; Column I/O ;                 ; no       ; Off          ;
; 42       ; 58         ; 4        ; GND*                                     ;        ;              ;         ; Column I/O ;                 ; no       ; Off          ;
; 43       ;            ;          ; GND                                      ; gnd    ;              ;         ; --         ;                 ; --       ; --           ;
; 44       ;            ; 4        ; VCCIO4                                   ; power  ;              ; 3.3V    ; --         ;                 ; --       ; --           ;
; 45       ;            ;          ; GND                                      ; gnd    ;              ;         ; --         ;                 ; --       ; --           ;
; 46       ;            ;          ; VCCINT                                   ; power  ;              ; 1.5V    ; --         ;                 ; --       ; --           ;
; 47       ; 59         ; 4        ; GND*                                     ;        ;              ;         ; Column I/O ;                 ; no       ; Off          ;
; 48       ; 60         ; 4        ; GND*                                     ;        ;              ;         ; Column I/O ;                 ; no       ; Off          ;
; 49       ; 61         ; 4        ; GND*                                     ;        ;              ;         ; Column I/O ;                 ; no       ; Off          ;
; 50       ; 70         ; 4        ; GND*                                     ;        ;              ;         ; Column I/O ;                 ; no       ; Off          ;
; 51       ; 71         ; 4        ; GND*                                     ;        ;              ;         ; Column I/O ;                 ; no       ; Off          ;
; 52       ; 72         ; 4        ; GND*                                     ;        ;              ;         ; Column I/O ;                 ; no       ; Off          ;
; 53       ; 73         ; 4        ; GND*                                     ;        ;              ;         ; Column I/O ;                 ; no       ; Off          ;
; 54       ;            ;          ; GND                                      ; gnd    ;              ;         ; --         ;                 ; --       ; --           ;
; 55       ;            ;          ; VCCINT                                   ; power  ;              ; 1.5V    ; --         ;                 ; --       ; --           ;
; 56       ; 75         ; 4        ; GND*                                     ;        ;              ;         ; Column I/O ;                 ; no       ; Off          ;
; 57       ; 76         ; 4        ; GND*                                     ;        ;              ;         ; Column I/O ;                 ; no       ; Off          ;
; 58       ; 77         ; 4        ; GND*                                     ;        ;              ;         ; Column I/O ;                 ; no       ; Off          ;
; 59       ; 81         ; 4        ; GND*                                     ;        ;              ;         ; Column I/O ;                 ; no       ; Off          ;
; 60       ; 88         ; 4        ; GND*                                     ;        ;              ;         ; Column I/O ;                 ; no       ; Off          ;
; 61       ; 89         ; 4        ; a[5]                                     ; input  ; 3.3-V LVTTL  ;         ; Column I/O ; N               ; no       ; Off          ;
; 62       ; 90         ; 4        ; GND*                                     ;        ;              ;         ; Column I/O ;                 ; no       ; Off          ;
; 63       ;            ;          ; GND                                      ; gnd    ;              ;         ; --         ;                 ; --       ; --           ;
; 64       ;            ;          ; VCCINT                                   ; power  ;              ; 1.5V    ; --         ;                 ; --       ; --           ;
; 65       ;            ;          ; GND                                      ; gnd    ;              ;         ; --         ;                 ; --       ; --           ;
; 66       ;            ; 4        ; VCCIO4                                   ; power  ;              ; 3.3V    ; --         ;                 ; --       ; --           ;
; 67       ; 91         ; 4        ; s[0]                                     ; output ; 3.3-V LVTTL  ;         ; Column I/O ; N               ; no       ; Off          ;
; 68       ; 92         ; 4        ; GND*                                     ;        ;              ;         ; Column I/O ;                 ; no       ; Off          ;
; 69       ; 93         ; 4        ; a[0]                                     ; input  ; 3.3-V LVTTL  ;         ; Column I/O ; N               ; no       ; Off          ;
; 70       ; 94         ; 4        ; GND*                                     ;        ;              ;         ; Column I/O ;                 ; no       ; Off          ;
; 71       ; 97         ; 4        ; GND*                                     ;        ;              ;         ; Column I/O ;                 ; no       ; Off          ;
; 72       ; 98         ; 4        ; b[6]                                     ; input  ; 3.3-V LVTTL  ;         ; Column I/O ; N               ; no       ; Off          ;
; 73       ; 99         ; 3        ; GND*                                     ;        ;              ;         ; Row I/O    ;                 ; no       ; Off          ;
; 74       ; 100        ; 3        ; GND*                                     ;        ;              ;         ; Row I/O    ;                 ; no       ; Off          ;
; 75       ; 101        ; 3        ; GND*                                     ;        ;              ;         ; Row I/O    ;                 ; no       ; Off          ;
; 76       ; 102        ; 3        ; a[2]                                     ; input  ; 3.3-V LVTTL  ;         ; Row I/O    ; N               ; no       ; Off          ;
; 77       ; 103        ; 3        ; GND*                                     ;        ;              ;         ; Row I/O    ;                 ; no       ; Off          ;
; 78       ; 104        ; 3        ; overflow                                 ; output ; 3.3-V LVTTL  ;         ; Row I/O    ; N               ; no       ; Off          ;
; 79       ; 105        ; 3        ; GND*                                     ;        ;              ;         ; Row I/O    ;                 ; no       ; Off          ;
; 80       ;            ;          ; GND                                      ; gnd    ;              ;         ; --         ;                 ; --       ; --           ;
; 81       ;            ; 3        ; VCCIO3                                   ; power  ;              ; 3.3V    ; --         ;                 ; --       ; --           ;
; 82       ; 107        ; 3        ; b[7]                                     ; input  ; 3.3-V LVTTL  ;         ; Row I/O    ; N               ; no       ; Off          ;
; 83       ; 108        ; 3        ; a[4]                                     ; input  ; 3.3-V LVTTL  ;         ; Row I/O    ; N               ; no       ; Off          ;
; 84       ; 109        ; 3        ; s[6]                                     ; output ; 3.3-V LVTTL  ;         ; Row I/O    ; N               ; no       ; Off          ;
; 85       ; 110        ; 3        ; b[5]                                     ; input  ; 3.3-V LVTTL  ;         ; Row I/O    ; N               ; no       ; Off          ;
; 86       ; 120        ; 3        ; ^CONF_DONE                               ;        ;              ;         ; --         ;                 ; --       ; --           ;
; 87       ; 121        ; 3        ; ^nSTATUS                                 ;        ;              ;         ; --         ;                 ; --       ; --           ;
; 88       ; 122        ; 3        ; #TCK                                     ; input  ;              ;         ; --         ;                 ; --       ; --           ;
; 89       ; 123        ; 3        ; #TMS                                     ; input  ;              ;         ; --         ;                 ; --       ; --           ;
; 90       ; 124        ; 3        ; #TDO                                     ; output ;              ;         ; --         ;                 ; --       ; --           ;
; 91       ;            ;          ; GNDG_PLL2                                ; gnd    ;              ;         ; --         ;                 ; --       ; --           ;
; 92       ; 125        ; 3        ; a[3]                                     ; input  ; 3.3-V LVTTL  ;         ; Row I/O    ; N               ; no       ; Off          ;
; 93       ; 126        ; 3        ; b[2]                                     ; input  ; 3.3-V LVTTL  ;         ; Row I/O    ; N               ; no       ; Off          ;
; 94       ;            ;          ; VCCA_PLL2                                ; power  ;              ; 1.5V    ; --         ;                 ; --       ; --           ;
; 95       ; 127        ; 3        ; #TDI                                     ; input  ;              ;         ; --         ;                 ; --       ; --           ;
; 96       ; 128        ; 3        ; a[1]                                     ; input  ; 3.3-V LVTTL  ;         ; Row I/O    ; N               ; no       ; Off          ;
; 97       ; 138        ; 3        ; clock                                    ; input  ; 3.3-V LVTTL  ;         ; Row I/O    ; N               ; no       ; Off          ;
; 98       ; 139        ; 3        ; b[3]                                     ; input  ; 3.3-V LVTTL  ;         ; Row I/O    ; N               ; no       ; Off          ;
; 99       ; 140        ; 3        ; s[7]                                     ; output ; 3.3-V LVTTL  ;         ; Row I/O    ; N               ; no       ; Off          ;
; 100      ; 141        ; 3        ; s[3]                                     ; output ; 3.3-V LVTTL  ;         ; Row I/O    ; N               ; no       ; Off          ;
; 101      ;            ;          ; GND                                      ; gnd    ;              ;         ; --         ;                 ; --       ; --           ;
; 102      ;            ; 3        ; VCCIO3                                   ; power  ;              ; 3.3V    ; --         ;                 ; --       ; --           ;
; 103      ; 144        ; 3        ; b[4]                                     ; input  ; 3.3-V LVTTL  ;         ; Row I/O    ; N               ; no       ; Off          ;
; 104      ; 145        ; 3        ; ena                                      ; input  ; 3.3-V LVTTL  ;         ; Row I/O    ; N               ; no       ; Off          ;
; 105      ; 146        ; 3        ; GND*                                     ;        ;              ;         ; Row I/O    ;                 ; no       ; Off          ;
; 106      ; 147        ; 3        ; s[1]                                     ; output ; 3.3-V LVTTL  ;         ; Row I/O    ; N               ; no       ; Off          ;
; 107      ; 148        ; 3        ; GND*                                     ;        ;              ;         ; Row I/O    ;                 ; no       ; Off          ;
; 108      ; 149        ; 3        ; GND*                                     ;        ;              ;         ; Row I/O    ;                 ; no       ; Off          ;
; 109      ; 150        ; 2        ; carry                                    ; input  ; 3.3-V LVTTL  ;         ; Column I/O ; N               ; no       ; Off          ;
; 110      ; 151        ; 2        ; clear_n                                  ; input  ; 3.3-V LVTTL  ;         ; Column I/O ; N               ; no       ; Off          ;
; 111      ; 154        ; 2        ; a[7]                                     ; input  ; 3.3-V LVTTL  ;         ; Column I/O ; N               ; no       ; Off          ;
; 112      ; 155        ; 2        ; coo                                      ; output ; 3.3-V LVTTL  ;         ; Column I/O ; N               ; no       ; Off          ;
; 113      ; 156        ; 2        ; a[6]                                     ; input  ; 3.3-V LVTTL  ;         ; Column I/O ; N               ; no       ; Off          ;
; 114      ; 157        ; 2        ; GND*                                     ;        ;              ;         ; Column I/O ;                 ; no       ; Off          ;
; 115      ;            ; 2        ; VCCIO2                                   ; power  ;              ; 3.3V    ; --         ;                 ; --       ; --           ;
; 116      ;            ;          ; GND                                      ; gnd    ;              ;         ; --         ;                 ; --       ; --           ;
; 117      ;            ;          ; VCCINT                                   ; power  ;              ; 1.5V    ; --         ;                 ; --       ; --           ;
; 118      ;            ;          ; GND                                      ; gnd    ;              ;         ; --         ;                 ; --       ; --           ;
; 119      ; 158        ; 2        ; s[2]                                     ; output ; 3.3-V LVTTL  ;         ; Column I/O ; N               ; no       ; Off          ;
; 120      ; 159        ; 2        ; GND*                                     ;        ;              ;         ; Column I/O ;                 ; no       ; Off          ;
; 121      ; 160        ; 2        ; s[4]                                     ; output ; 3.3-V LVTTL  ;         ; Column I/O ; N               ; no       ; Off          ;
; 122      ; 167        ; 2        ; sub                                      ; input  ; 3.3-V LVTTL  ;         ; Column I/O ; N               ; no       ; Off          ;
; 123      ; 171        ; 2        ; b[0]                                     ; input  ; 3.3-V LVTTL  ;         ; Column I/O ; N               ; no       ; Off          ;
; 124      ; 172        ; 2        ; GND*                                     ;        ;              ;         ; Column I/O ;                 ; no       ; Off          ;
; 125      ; 173        ; 2        ; GND*                                     ;        ;              ;         ; Column I/O ;                 ; no       ; Off          ;
; 126      ;            ;          ; VCCINT                                   ; power  ;              ; 1.5V    ; --         ;                 ; --       ; --           ;
; 127      ;            ;          ; GND                                      ; gnd    ;              ;         ; --         ;                 ; --       ; --           ;
; 128      ; 175        ; 2        ; GND*                                     ;        ;              ;         ; Column I/O ;                 ; no       ; Off          ;
; 129      ; 176        ; 2        ; GND*                                     ;        ;              ;         ; Column I/O ;                 ; no       ; Off          ;
; 130      ; 177        ; 2        ; GND*                                     ;        ;              ;         ; Column I/O ;                 ; no       ; Off          ;
; 131      ; 178        ; 2        ; GND*                                     ;        ;              ;         ; Column I/O ;                 ; no       ; Off          ;
; 132      ; 187        ; 2        ; GND*                                     ;        ;              ;         ; Column I/O ;                 ; no       ; Off          ;
; 133      ; 188        ; 2        ; GND*                                     ;        ;              ;         ; Column I/O ;                 ; no       ; Off          ;
; 134      ; 189        ; 2        ; GND*                                     ;        ;              ;         ; Column I/O ;                 ; no       ; Off          ;
; 135      ;            ;          ; VCCINT                                   ; power  ;              ; 1.5V    ; --         ;                 ; --       ; --           ;
; 136      ;            ;          ; GND                                      ; gnd    ;              ;         ; --         ;                 ; --       ; --           ;
; 137      ;            ; 2        ; VCCIO2                                   ; power  ;              ; 3.3V    ; --         ;                 ; --       ; --           ;
; 138      ;            ;          ; GND                                      ; gnd    ;              ;         ; --         ;                 ; --       ; --           ;
; 139      ; 190        ; 2        ; GND*                                     ;        ;              ;         ; Column I/O ;                 ; no       ; Off          ;
; 140      ; 191        ; 2        ; GND*                                     ;        ;              ;         ; Column I/O ;                 ; no       ; Off          ;
; 141      ; 192        ; 2        ; GND*                                     ;        ;              ;         ; Column I/O ;                 ; no       ; Off          ;
; 142      ; 193        ; 2        ; GND*                                     ;        ;              ;         ; Column I/O ;                 ; no       ; Off          ;
; 143      ; 196        ; 2        ; GND*                                     ;        ;              ;         ; Column I/O ;                 ; no       ; Off          ;
; 144      ; 197        ; 2        ; GND*                                     ;        ;              ;         ; Column I/O ;                 ; no       ; Off          ;
+----------+------------+----------+------------------------------------------+--------+--------------+---------+------------+-----------------+----------+--------------+
Note: Pin directions (input, output or bidir) are based on device operating in user mode.


+------------------------------------------------------------------+
; Output Pin Default Load For Reported TCO                         ;
+---------------------+-------+------------------------------------+
; I/O Standard        ; Load  ; Termination Resistance             ;
+---------------------+-------+------------------------------------+
; 3.3-V LVTTL         ; 10 pF ; Not Available                      ;
; 3.3-V LVCMOS        ; 10 pF ; Not Available                      ;
; 2.5 V               ; 10 pF ; Not Available                      ;
; 1.8 V               ; 10 pF ; Not Available                      ;
; 1.5 V               ; 10 pF ; Not Available                      ;
; SSTL-3 Class I      ; 30 pF ; 50 Ohm (Parallel), 25 Ohm (Serial) ;
; SSTL-3 Class II     ; 30 pF ; 25 Ohm (Parallel), 25 Ohm (Serial) ;
; SSTL-2 Class I      ; 30 pF ; 50 Ohm (Parallel), 25 Ohm (Serial) ;
; SSTL-2 Class II     ; 30 pF ; 25 Ohm (Parallel), 25 Ohm (Serial) ;
; Differential SSTL-2 ; 10 pF ; (See SSTL-2)                       ;
; 3.3-V PCI           ; 10 pF ; 25 Ohm (Parallel)                  ;
; LVDS                ; 4 pF  ; 100 Ohm (Differential)             ;
; RSDS                ; 10 pF ; 100 Ohm (Differential)             ;
+---------------------+-------+------------------------------------+
Note: User assignments will override these defaults. The user specified values are listed in the Output Pins and Bidir Pins tables.


+---------------------------------------------------------------------------------------------------------------------------------------------------------------------------------------------------------------------------------------+
; Fitter Resource Utilization by Entity                                                                                                                                                                                                 ;
+----------------------------+-------------+--------------+-------------+------+------+--------------+--------------+-------------------+------------------+-----------------+------------+------------------------------+--------------+
; Compilation Hierarchy Node ; Logic Cells ; LC Registers ; Memory Bits ; M4Ks ; Pins ; Virtual Pins ; LUT-Only LCs ; Register-Only LCs ; LUT/Register LCs ; Carry Chain LCs ; Packed LCs ; Full Hierarchy Name          ; Library Name ;
+----------------------------+-------------+--------------+-------------+------+------+--------------+--------------+-------------------+------------------+-----------------+------------+------------------------------+--------------+
; |addsub_8                  ; 20 (10)     ; 1            ; 0           ; 0    ; 31   ; 0            ; 19 (9)       ; 0 (0)             ; 1 (1)            ; 10 (0)          ; 1 (1)      ; |addsub_8                    ; work         ;
;    |add4:inst|             ; 10 (0)      ; 0            ; 0           ; 0    ; 0    ; 0            ; 10 (0)       ; 0 (0)             ; 0 (0)            ; 10 (0)          ; 0 (0)      ; |addsub_8|add4:inst          ; work         ;
;       |qjq:inst|           ; 10 (10)     ; 0            ; 0           ; 0    ; 0    ; 0            ; 10 (10)      ; 0 (0)             ; 0 (0)            ; 10 (10)         ; 0 (0)      ; |addsub_8|add4:inst|qjq:inst ; work         ;
+----------------------------+-------------+--------------+-------------+------+------+--------------+--------------+-------------------+------------------+-----------------+------------+------------------------------+--------------+
Note: For table entries with two numbers listed, the numbers in parentheses indicate the number of resources of the given type used by the specific entity alone. The numbers listed outside of parentheses indicate the total resources of the given type used by the specific entity and all of its sub-entities in the hierarchy.


+-----------------------------------------------------------------------------------+
; Delay Chain Summary                                                               ;
+----------+----------+---------------+---------------+-----------------------+-----+
; Name     ; Pin Type ; Pad to Core 0 ; Pad to Core 1 ; Pad to Input Register ; TCO ;
+----------+----------+---------------+---------------+-----------------------+-----+
; coo      ; Output   ; --            ; --            ; --                    ; --  ;
; overflow ; Output   ; --            ; --            ; --                    ; --  ;
; s[7]     ; Output   ; --            ; --            ; --                    ; --  ;
; s[6]     ; Output   ; --            ; --            ; --                    ; --  ;
; s[5]     ; Output   ; --            ; --            ; --                    ; --  ;
; s[4]     ; Output   ; --            ; --            ; --                    ; --  ;
; s[3]     ; Output   ; --            ; --            ; --                    ; --  ;
; s[2]     ; Output   ; --            ; --            ; --                    ; --  ;
; s[1]     ; Output   ; --            ; --            ; --                    ; --  ;
; s[0]     ; Output   ; --            ; --            ; --                    ; --  ;
; sub      ; Input    ; ON            ; ON            ; --                    ; --  ;
; b[7]     ; Input    ; ON            ; ON            ; --                    ; --  ;
; a[7]     ; Input    ; ON            ; ON            ; --                    ; --  ;
; b[6]     ; Input    ; ON            ; ON            ; --                    ; --  ;
; a[6]     ; Input    ; ON            ; ON            ; --                    ; --  ;
; b[5]     ; Input    ; ON            ; ON            ; --                    ; --  ;
; a[5]     ; Input    ; ON            ; ON            ; --                    ; --  ;
; b[4]     ; Input    ; ON            ; ON            ; --                    ; --  ;
; a[4]     ; Input    ; ON            ; ON            ; --                    ; --  ;
; b[3]     ; Input    ; ON            ; ON            ; --                    ; --  ;
; a[3]     ; Input    ; OFF           ; OFF           ; --                    ; --  ;
; b[2]     ; Input    ; OFF           ; OFF           ; --                    ; --  ;
; a[2]     ; Input    ; ON            ; ON            ; --                    ; --  ;
; b[1]     ; Input    ; ON            ; ON            ; --                    ; --  ;
; a[1]     ; Input    ; ON            ; ON            ; --                    ; --  ;
; carry    ; Input    ; ON            ; ON            ; --                    ; --  ;
; b[0]     ; Input    ; ON            ; ON            ; --                    ; --  ;
; clock    ; Input    ; OFF           ; OFF           ; --                    ; --  ;
; clear_n  ; Input    ; ON            ; ON            ; --                    ; --  ;
; ena      ; Input    ; ON            ; ON            ; --                    ; --  ;
; a[0]     ; Input    ; ON            ; ON            ; --                    ; --  ;
+----------+----------+---------------+---------------+-----------------------+-----+


+-------------------------------------------------------------------+
; Pad To Core Delay Chain Fanout                                    ;
+-------------------------------------+-------------------+---------+
; Source Pin / Fanout                 ; Pad To Core Index ; Setting ;
+-------------------------------------+-------------------+---------+
; sub                                 ;                   ;         ;
;      - inst12~62                    ; 0                 ; ON      ;
;      - inst3[3]~1                   ; 0                 ; ON      ;
;      - inst3[2]                     ; 0                 ; ON      ;
;      - inst3[1]                     ; 0                 ; ON      ;
;      - inst3[0]                     ; 0                 ; ON      ;
;      - inst4[3]                     ; 0                 ; ON      ;
;      - inst4[2]                     ; 0                 ; ON      ;
;      - inst4[1]                     ; 0                 ; ON      ;
;      - inst14                       ; 0                 ; ON      ;
;      - inst4[0]                     ; 0                 ; ON      ;
; b[7]                                ;                   ;         ;
;      - inst12~62                    ; 0                 ; ON      ;
;      - inst3[3]~1                   ; 0                 ; ON      ;
; a[7]                                ;                   ;         ;
;      - add4:inst|qjq:inst|inst8~159 ; 0                 ; ON      ;
;      - inst12~62                    ; 0                 ; ON      ;
; b[6]                                ;                   ;         ;
;      - inst3[2]                     ; 0                 ; ON      ;
; a[6]                                ;                   ;         ;
;      - add4:inst|qjq:inst|inst8~161 ; 1                 ; ON      ;
; b[5]                                ;                   ;         ;
;      - inst3[1]                     ; 1                 ; ON      ;
; a[5]                                ;                   ;         ;
;      - add4:inst|qjq:inst|inst8~163 ; 0                 ; ON      ;
; b[4]                                ;                   ;         ;
;      - inst3[0]                     ; 0                 ; ON      ;
; a[4]                                ;                   ;         ;
;      - add4:inst|qjq:inst|inst8~165 ; 1                 ; ON      ;
; b[3]                                ;                   ;         ;
;      - inst4[3]                     ; 0                 ; ON      ;
; a[3]                                ;                   ;         ;
; b[2]                                ;                   ;         ;
; a[2]                                ;                   ;         ;
;      - add4:inst|qjq:inst|inst8~169 ; 1                 ; ON      ;
; b[1]                                ;                   ;         ;
;      - inst4[1]                     ; 0                 ; ON      ;
; a[1]                                ;                   ;         ;
;      - add4:inst|qjq:inst|inst8~171 ; 0                 ; ON      ;
; carry                               ;                   ;         ;
;      - inst14                       ; 0                 ; ON      ;
; b[0]                                ;                   ;         ;
;      - inst4[0]                     ; 0                 ; ON      ;
; clock                               ;                   ;         ;
;      - inst14                       ; 1                 ; OFF     ;
; clear_n                             ;                   ;         ;
;      - inst14                       ; 0                 ; ON      ;
; ena                                 ;                   ;         ;
;      - inst14                       ; 0                 ; ON      ;
; a[0]                                ;                   ;         ;
;      - add4:inst|qjq:inst|inst8~176 ; 1                 ; ON      ;
+-------------------------------------+-------------------+---------+


+------------------------------------------------------------------------------------------------+
; Control Signals                                                                                ;
+---------+----------+---------+--------------+--------+----------------------+------------------+
; Name    ; Location ; Fan-Out ; Usage        ; Global ; Global Resource Used ; Global Line Name ;
+---------+----------+---------+--------------+--------+----------------------+------------------+
; clear_n ; PIN_110  ; 1       ; Async. clear ; no     ; --                   ; --               ;
; clock   ; PIN_97   ; 1       ; Clock        ; no     ; --                   ; --               ;
; ena     ; PIN_104  ; 1       ; Clock enable ; no     ; --                   ; --               ;
+---------+----------+---------+--------------+--------+----------------------+------------------+


+---------------------------------------------+
; Non-Global High Fan-Out Signals             ;
+-----------------------------------+---------+
; Name                              ; Fan-Out ;
+-----------------------------------+---------+
; sub                               ; 10      ;
; add4:inst|qjq:inst|inst8~168      ; 5       ;
; a[7]                              ; 2       ;
; b[7]                              ; 2       ;
; add4:inst|qjq:inst|inst8~159      ; 2       ;
; add4:inst|qjq:inst|inst8~157      ; 2       ;
; a[0]                              ; 1       ;
; ena                               ; 1       ;
; clear_n                           ; 1       ;
; clock                             ; 1       ;
; b[0]                              ; 1       ;
; carry                             ; 1       ;
; a[1]                              ; 1       ;
; b[1]                              ; 1       ;
; a[2]                              ; 1       ;
; b[2]                              ; 1       ;
; a[3]                              ; 1       ;
; b[3]                              ; 1       ;
; a[4]                              ; 1       ;
; b[4]                              ; 1       ;
; a[5]                              ; 1       ;
; b[5]                              ; 1       ;
; a[6]                              ; 1       ;
; b[6]                              ; 1       ;
; inst4[0]                          ; 1       ;
; inst15~9                          ; 1       ;
; inst4[1]                          ; 1       ;
; inst4[2]                          ; 1       ;
; inst4[3]                          ; 1       ;
; inst3[0]                          ; 1       ;
; inst3[1]                          ; 1       ;
; inst3[2]                          ; 1       ;
; inst3[3]~1                        ; 1       ;
; inst12~62                         ; 1       ;
; add4:inst|qjq:inst|inst8~176COUT1 ; 1       ;
; add4:inst|qjq:inst|inst8~176      ; 1       ;
; add4:inst|qjq:inst|inst8~174COUT1 ; 1       ;
; add4:inst|qjq:inst|inst8~174      ; 1       ;
; add4:inst|qjq:inst|inst8~173      ; 1       ;
; add4:inst|qjq:inst|inst8~172COUT1 ; 1       ;
; add4:inst|qjq:inst|inst8~172      ; 1       ;
; add4:inst|qjq:inst|inst8~171      ; 1       ;
; add4:inst|qjq:inst|inst8~170COUT1 ; 1       ;
; add4:inst|qjq:inst|inst8~170      ; 1       ;
; add4:inst|qjq:inst|inst8~169      ; 1       ;
; add4:inst|qjq:inst|inst8~167      ; 1       ;
; add4:inst|qjq:inst|inst8~166COUT1 ; 1       ;
; add4:inst|qjq:inst|inst8~166      ; 1       ;
; add4:inst|qjq:inst|inst8~165      ; 1       ;
; add4:inst|qjq:inst|inst8~164COUT1 ; 1       ;
+-----------------------------------+---------+


+----------------------------------------------------+
; Interconnect Usage Summary                         ;
+----------------------------+-----------------------+
; Interconnect Resource Type ; Usage                 ;
+----------------------------+-----------------------+
; C4s                        ; 70 / 16,320 ( < 1 % ) ;
; Direct links               ; 7 / 21,944 ( < 1 % )  ;
; Global clocks              ; 0 / 8 ( 0 % )         ;
; LAB clocks                 ; 0 / 240 ( 0 % )       ;
; LUT chains                 ; 0 / 5,382 ( 0 % )     ;
; Local interconnects        ; 43 / 21,944 ( < 1 % ) ;
; M4K buffers                ; 0 / 720 ( 0 % )       ;
; R4s                        ; 50 / 14,640 ( < 1 % ) ;
+----------------------------+-----------------------+


+---------------------------------------------------------------------------+
; LAB Logic Elements                                                        ;
+---------------------------------------------+-----------------------------+
; Number of Logic Elements  (Average = 10.00) ; Number of LABs  (Total = 2) ;
+---------------------------------------------+-----------------------------+
; 1                                           ; 0                           ;
; 2                                           ; 0                           ;
; 3                                           ; 0                           ;
; 4                                           ; 0                           ;
; 5                                           ; 0                           ;
; 6                                           ; 0                           ;
; 7                                           ; 0                           ;
; 8                                           ; 0                           ;
; 9                                           ; 0                           ;
; 10                                          ; 2                           ;
+---------------------------------------------+-----------------------------+


+------------------------------------------------------------------+
; LAB-wide Signals                                                 ;
+------------------------------------+-----------------------------+
; LAB-wide Signals  (Average = 1.50) ; Number of LABs  (Total = 2) ;
+------------------------------------+-----------------------------+
; 1 Async. clear                     ; 1                           ;
; 1 Clock                            ; 1                           ;
; 1 Clock enable                     ; 1                           ;
+------------------------------------+-----------------------------+


+---------------------------------------------------------------------------+
; LAB Signals Sourced                                                       ;
+---------------------------------------------+-----------------------------+
; Number of Signals Sourced  (Average = 9.50) ; Number of LABs  (Total = 2) ;
+---------------------------------------------+-----------------------------+
; 0                                           ; 0                           ;
; 1                                           ; 0                           ;
; 2                                           ; 0                           ;
; 3                                           ; 0                           ;
; 4                                           ; 0                           ;
; 5                                           ; 0                           ;
; 6                                           ; 0                           ;
; 7                                           ; 0                           ;
; 8                                           ; 0                           ;
; 9                                           ; 1                           ;
; 10                                          ; 1                           ;
+---------------------------------------------+-----------------------------+


+-------------------------------------------------------------------------------+
; LAB Signals Sourced Out                                                       ;
+-------------------------------------------------+-----------------------------+
; Number of Signals Sourced Out  (Average = 9.50) ; Number of LABs  (Total = 2) ;
+-------------------------------------------------+-----------------------------+
; 0                                               ; 0                           ;
; 1                                               ; 0                           ;
; 2                                               ; 0                           ;
; 3                                               ; 0                           ;
; 4                                               ; 0                           ;
; 5                                               ; 0                           ;
; 6                                               ; 0                           ;
; 7                                               ; 0                           ;
; 8                                               ; 0                           ;
; 9                                               ; 1                           ;
; 10                                              ; 1                           ;
+-------------------------------------------------+-----------------------------+


+----------------------------------------------------------------------------+
; LAB Distinct Inputs                                                        ;
+----------------------------------------------+-----------------------------+
; Number of Distinct Inputs  (Average = 16.50) ; Number of LABs  (Total = 2) ;
+----------------------------------------------+-----------------------------+
; 0                                            ; 0                           ;
; 1                                            ; 0                           ;
; 2                                            ; 0                           ;
; 3                                            ; 0                           ;
; 4                                            ; 0                           ;
; 5                                            ; 0                           ;
; 6                                            ; 0                           ;
; 7                                            ; 0                           ;
; 8                                            ; 0                           ;
; 9                                            ; 0                           ;
; 10                                           ; 0                           ;
; 11                                           ; 0                           ;
; 12                                           ; 0                           ;
; 13                                           ; 0                           ;
; 14                                           ; 0                           ;
; 15                                           ; 0                           ;
; 16                                           ; 1                           ;
; 17                                           ; 1                           ;
+----------------------------------------------+-----------------------------+


+-------------------------------------------------------------------------+
; Fitter Device Options                                                   ;
+----------------------------------------------+--------------------------+
; Option                                       ; Setting                  ;
+----------------------------------------------+--------------------------+
; Enable user-supplied start-up clock (CLKUSR) ; Off                      ;
; Enable device-wide reset (DEV_CLRn)          ; Off                      ;
; Enable device-wide output enable (DEV_OE)    ; Off                      ;
; Enable INIT_DONE output                      ; Off                      ;
; Configuration scheme                         ; Active Serial            ;
; Error detection CRC                          ; Off                      ;
; ASDO,nCSO                                    ; As input tri-stated      ;
; Reserve all unused pins                      ; As output driving ground ;
; Base pin-out file on sameframe device        ; Off                      ;
+----------------------------------------------+--------------------------+


+----------------------------+
; Advanced Data - General    ;
+--------------------+-------+
; Name               ; Value ;
+--------------------+-------+
; Status Code        ; 0     ;
; Desired User Slack ; 0     ;
; Fit Attempts       ; 1     ;
+--------------------+-------+


+------------------------------------------------------------------------------------------+
; Advanced Data - Placement Preparation                                                    ;
+--------------------------------------------------------------------------------+---------+
; Name                                                                           ; Value   ;
+--------------------------------------------------------------------------------+---------+
; Auto Fit Point 1 - Fit Attempt 1                                               ; ff      ;
; Mid Wire Use - Fit Attempt 1                                                   ; 0       ;
; Mid Slack - Fit Attempt 1                                                      ; -5459   ;
; Internal Atom Count - Fit Attempt 1                                            ; 21      ;
; LE/ALM Count - Fit Attempt 1                                                   ; 21      ;
; LAB Count - Fit Attempt 1                                                      ; 3       ;
; Outputs per Lab - Fit Attempt 1                                                ; 6.333   ;
; Inputs per LAB - Fit Attempt 1                                                 ; 11.000  ;
; Global Inputs per LAB - Fit Attempt 1                                          ; 0.000   ;
; LAB Constraint 'non-global clock / CE pair + async load' - Fit Attempt 1       ; 0:2;1:1 ;
; LAB Constraint 'ce + sync load' - Fit Attempt 1                                ; 0:2;1:1 ;
; LAB Constraint 'non-global controls' - Fit Attempt 1                           ; 0:2;3:1 ;
; LAB Constraint 'un-route combination' - Fit Attempt 1                          ; 0:2;2:1 ;
; LAB Constraint 'non-global with asyn_clear' - Fit Attempt 1                    ; 0:2;3:1 ;
; LAB Constraint 'un-route with async_clear' - Fit Attempt 1                     ; 0:2;2:1 ;
; LAB Constraint 'non-global async clear + sync clear' - Fit Attempt 1           ; 0:2;1:1 ;
; LAB Constraint 'global non-clock/non-asynch_clear' - Fit Attempt 1             ; 0:3     ;
; LAB Constraint 'ygr_cl_ngclk_gclkce_sload_aload_constraint' - Fit Attempt 1    ; 0:2;1:1 ;
; LAB Constraint 'global control signals' - Fit Attempt 1                        ; 0:3     ;
; LAB Constraint 'clock / ce pair constraint' - Fit Attempt 1                    ; 0:2;1:1 ;
; LAB Constraint 'aload_aclr pair with aload used' - Fit Attempt 1               ; 0:3     ;
; LAB Constraint 'aload_aclr pair' - Fit Attempt 1                               ; 0:2;1:1 ;
; LAB Constraint 'sload_sclear pair' - Fit Attempt 1                             ; 0:2;1:1 ;
; LAB Constraint 'invert_a constraint' - Fit Attempt 1                           ; 0:1;1:2 ;
; LAB Constraint 'has placement constraint' - Fit Attempt 1                      ; 0:3     ;
; LAB Constraint 'use of ADATA or SDATA by registers constraint' - Fit Attempt 1 ; 0:3     ;
; LEs in Chains - Fit Attempt 1                                                  ; 10      ;
; LEs in Long Chains - Fit Attempt 1                                             ; 0       ;
; LABs with Chains - Fit Attempt 1                                               ; 1       ;
; LABs with Multiple Chains - Fit Attempt 1                                      ; 0       ;
; Time - Fit Attempt 1                                                           ; 0       ;
+--------------------------------------------------------------------------------+---------+


+--------------------------------------------+
; Advanced Data - Placement                  ;
+------------------------------------+-------+
; Name                               ; Value ;
+------------------------------------+-------+
; Auto Fit Point 2 - Fit Attempt 1   ; ff    ;
; Early Wire Use - Fit Attempt 1     ; 0     ;
; Early Slack - Fit Attempt 1        ; -4134 ;
; Auto Fit Point 4 - Fit Attempt 1   ; ff    ;
; Auto Fit Point 5 - Fit Attempt 1   ; ff    ;
; Auto Fit Point 4 - Fit Attempt 1   ; ff    ;
; Mid Wire Use - Fit Attempt 1       ; 0     ;
; Mid Slack - Fit Attempt 1          ; -4134 ;
; Auto Fit Point 5 - Fit Attempt 1   ; ff    ;
; Late Wire Use - Fit Attempt 1      ; 0     ;
; Late Slack - Fit Attempt 1         ; -4134 ;
; Peak Regional Wire - Fit Attempt 1 ; 0.000 ;
; Auto Fit Point 6 - Fit Attempt 1   ; ff    ;
; Time - Fit Attempt 1               ; 0     ;
+------------------------------------+-------+


+---------------------------------------------+
; Advanced Data - Routing                     ;
+-------------------------------------+-------+
; Name                                ; Value ;
+-------------------------------------+-------+
; Early Slack - Fit Attempt 1         ; -3102 ;
; Early Wire Use - Fit Attempt 1      ; 0     ;
; Peak Regional Wire - Fit Attempt 1  ; 2     ;
; Mid Slack - Fit Attempt 1           ; -3129 ;
; Late Slack - Fit Attempt 1          ; -3129 ;
; Late Wire Use - Fit Attempt 1       ; 0     ;
; Time - Fit Attempt 1                ; 0     ;
; Time in tsm_tan.dll - Fit Attempt 1 ; 0.047 ;
+-------------------------------------+-------+


+-----------------+
; Fitter Messages ;
+-----------------+
Info: *******************************************************************
Info: Running Quartus II Fitter
    Info: Version 7.2 Build 151 09/26/2007 SJ Web Edition
    Info: Processing started: Mon Sep 12 21:03:33 2011
Info: Command: quartus_fit --read_settings_files=off --write_settings_files=off one -c one
Info: Selected device EP1C6T144C8 for design "one"
Info: Fitter is performing an Auto Fit compilation, which may decrease Fitter effort to reduce compilation time
Info: The Fitter has identified 1 logical partitions of which 0 have a previous placement to use
    Info: Previous placement does not exist for 52 of 52 atoms in partition Top
Info: Device migration not selected. If you intend to use device migration later, you may need to change the pin assignments as they may be incompatible with other devices
    Info: Device EP1C3T144C8 is compatible
Info: Fitter converted 2 user pins into dedicated programming pins
    Info: Pin ~nCSO~ is reserved at location 12
    Info: Pin ~ASDO~ is reserved at location 25
Warning: No exact pin location assignment(s) for 31 pins of 31 total pins
    Info: Pin coo not assigned to an exact location on the device
    Info: Pin overflow not assigned to an exact location on the device
    Info: Pin s[7] not assigned to an exact location on the device
    Info: Pin s[6] not assigned to an exact location on the device
    Info: Pin s[5] not assigned to an exact location on the device
    Info: Pin s[4] not assigned to an exact location on the device
    Info: Pin s[3] not assigned to an exact location on the device
    Info: Pin s[2] not assigned to an exact location on the device
    Info: Pin s[1] not assigned to an exact location on the device
    Info: Pin s[0] not assigned to an exact location on the device
    Info: Pin sub not assigned to an exact location on the device
    Info: Pin b[7] not assigned to an exact location on the device
    Info: Pin a[7] not assigned to an exact location on the device
    Info: Pin b[6] not assigned to an exact location on the device
    Info: Pin a[6] not assigned to an exact location on the device
    Info: Pin b[5] not assigned to an exact location on the device
    Info: Pin a[5] not assigned to an exact location on the device
    Info: Pin b[4] not assigned to an exact location on the device
    Info: Pin a[4] not assigned to an exact location on the device
    Info: Pin b[3] not assigned to an exact location on the device
    Info: Pin a[3] not assigned to an exact location on the device
    Info: Pin b[2] not assigned to an exact location on the device
    Info: Pin a[2] not assigned to an exact location on the device
    Info: Pin b[1] not assigned to an exact location on the device
    Info: Pin a[1] not assigned to an exact location on the device
    Info: Pin carry not assigned to an exact location on the device
    Info: Pin b[0] not assigned to an exact location on the device
    Info: Pin clock not assigned to an exact location on the device
    Info: Pin clear_n not assigned to an exact location on the device
    Info: Pin ena not assigned to an exact location on the device
    Info: Pin a[0] not assigned to an exact location on the device
Info: Fitter is using the Classic Timing Analyzer
Info: Timing requirements not specified -- quality metrics such as performance and power consumption may be sacrificed to reduce compilation time.
Info: Completed User Assigned Global Signals Promotion Operation
Info: DQS I/O pins require 0 global routing resources
Info: Completed Auto Global Promotion Operation
Info: Starting register packing
Info: Fitter is using Normal packing mode for logic elements with Auto setting for Auto Packed Registers logic option
Info: Finished moving registers into I/O cells, LUTs, and RAM blocks
Info: Finished register packing: elapsed time is 00:00:00
Info: Statistics of I/O pins that need to be placed that use the same VCCIO and VREF, before I/O pin placement
    Info: Number of I/O pins in group: 31 (unused VREF, 3.30 VCCIO, 21 input, 10 output, 0 bidirectional)
        Info: I/O standards used: 3.3-V LVTTL.
Info: I/O bank details before I/O pin placement
    Info: Statistics of I/O banks
        Info: I/O bank number 1 does not use VREF pins and has undetermined VCCIO pins. 2 total pin(s) used --  20 pins available
        Info: I/O bank number 2 does not use VREF pins and has undetermined VCCIO pins. 0 total pin(s) used --  26 pins available
        Info: I/O bank number 3 does not use VREF pins and has undetermined VCCIO pins. 0 total pin(s) used --  24 pins available
        Info: I/O bank number 4 does not use VREF pins and has undetermined VCCIO pins. 0 total pin(s) used --  26 pins available
Info: Fitter placement preparation operations beginning
Info: Fitter placement preparation operations ending: elapsed time is 00:00:00
Info: Fitter placement operations beginning
Info: Fitter placement was successful
Info: Fitter placement operations ending: elapsed time is 00:00:00
Info: Estimated most critical path is register to register delay of 3.624 ns
    Info: 1: + IC(0.000 ns) + CELL(0.000 ns) = 0.000 ns; Loc. = LAB_X34_Y16; Fanout = 1; REG Node = 'inst14'
    Info: 2: + IC(0.000 ns) + CELL(0.378 ns) = 0.378 ns; Loc. = LAB_X34_Y16; Fanout = 3; COMB Node = 'inst15~9'
    Info: 3: + IC(0.622 ns) + CELL(0.575 ns) = 1.575 ns; Loc. = LAB_X33_Y16; Fanout = 2; COMB Node = 'add4:inst|qjq:inst|inst8~174COUT1'
    Info: 4: + IC(0.000 ns) + CELL(0.080 ns) = 1.655 ns; Loc. = LAB_X33_Y16; Fanout = 2; COMB Node = 'add4:inst|qjq:inst|inst8~172COUT1'
    Info: 5: + IC(0.000 ns) + CELL(0.080 ns) = 1.735 ns; Loc. = LAB_X33_Y16; Fanout = 2; COMB Node = 'add4:inst|qjq:inst|inst8~170COUT1'
    Info: 6: + IC(0.000 ns) + CELL(0.258 ns) = 1.993 ns; Loc. = LAB_X33_Y16; Fanout = 5; COMB Node = 'add4:inst|qjq:inst|inst8~168'
    Info: 7: + IC(0.000 ns) + CELL(0.679 ns) = 2.672 ns; Loc. = LAB_X33_Y16; Fanout = 2; COMB Node = 'add4:inst|qjq:inst|inst8~157'
    Info: 8: + IC(0.837 ns) + CELL(0.115 ns) = 3.624 ns; Loc. = LAB_X34_Y16; Fanout = 1; REG Node = 'inst14'
    Info: Total cell delay = 2.165 ns ( 59.74 % )
    Info: Total interconnect delay = 1.459 ns ( 40.26 % )
Info: Fitter routing operations beginning
Info: Average interconnect usage is 0% of the available device resources
    Info: Peak interconnect usage is 1% of the available device resources in the region that extends from location X24_Y11 to location X35_Y21
Info: Fitter routing operations ending: elapsed time is 00:00:00
Info: The Fitter performed an Auto Fit compilation.  Optimizations were skipped to reduce compilation time.
    Info: Optimizations that may affect the design's routability were skipped
    Info: Optimizations that may affect the design's timing were skipped
Info: Completed Fixed Delay Chain Operation
Info: Started post-fitting delay annotation
Info: Delay annotation completed successfully
Info: Completed Auto Delay Chain Operation
Warning: The Reserve All Unused Pins setting has not been specified, and will default to 'As output driving ground'.
Info: Generated suppressed messages file D:/jjjj/one.fit.smsg
Info: Quartus II Fitter was successful. 0 errors, 2 warnings
    Info: Allocated 173 megabytes of memory during processing
    Info: Processing ended: Mon Sep 12 21:03:37 2011
    Info: Elapsed time: 00:00:04


+----------------------------+
; Fitter Suppressed Messages ;
+----------------------------+
The suppressed messages can be found in D:/jjjj/one.fit.smsg.


