Analysis & Synthesis report for one
Mon Sep 12 21:03:33 2011
Quartus II Version 7.2 Build 151 09/26/2007 SJ Web Edition


---------------------
; Table of Contents ;
---------------------
  1. Legal Notice
  2. Analysis & Synthesis Summary
  3. Analysis & Synthesis Settings
  4. Analysis & Synthesis Source Files Read
  5. Analysis & Synthesis Resource Usage Summary
  6. Analysis & Synthesis Resource Utilization by Entity
  7. General Register Statistics
  8. Analysis & Synthesis Messages



----------------
; Legal Notice ;
----------------
Copyright (C) 1991-2007 Altera Corporation
Your use of Altera Corporation's design tools, logic functions 
and other software and tools, and its AMPP partner logic 
functions, and any output files from any of the foregoing 
(including device programming or simulation files), and any 
associated documentation or information are expressly subject 
to the terms and conditions of the Altera Program License 
Subscription Agreement, Altera MegaCore Function License 
Agreement, or other applicable license agreement, including, 
without limitation, that your use is for the sole purpose of 
programming logic devices manufactured by Altera and sold by 
Altera or its authorized distributors.  Please refer to the 
applicable agreement for further details.



+-----------------------------------------------------------------------+
; Analysis & Synthesis Summary                                          ;
+-----------------------------+-----------------------------------------+
; Analysis & Synthesis Status ; Successful - Mon Sep 12 21:03:33 2011   ;
; Quartus II Version          ; 7.2 Build 151 09/26/2007 SJ Web Edition ;
; Revision Name               ; one                                     ;
; Top-level Entity Name       ; addsub_8                                ;
; Family                      ; Cyclone                                 ;
; Total logic elements        ; 21                                      ;
; Total pins                  ; 31                                      ;
; Total virtual pins          ; 0                                       ;
; Total memory bits           ; 0                                       ;
; DSP block 9-bit elements    ; N/A until Partition Merge               ;
; Total PLLs                  ; 0                                       ;
; Total DLLs                  ; N/A until Partition Merge               ;
+-----------------------------+-----------------------------------------+


+--------------------------------------------------------------------------------------------------------------------------+
; Analysis & Synthesis Settings                                                                                            ;
+--------------------------------------------------------------------------------+--------------------+--------------------+
; Option                                                                         ; Setting            ; Default Value      ;
+--------------------------------------------------------------------------------+--------------------+--------------------+
; Device                                                                         ; EP1C6T144C8        ;                    ;
; Top-level entity name                                                          ; addsub_8           ; one                ;
; Family name                                                                    ; Cyclone            ; Stratix II         ;
; Use Generated Physical Constraints File                                        ; Off                ;                    ;
; Use smart compilation                                                          ; Off                ; Off                ;
; Maximum processors allowed for parallel compilation                            ; 1                  ; 1                  ;
; Restructure Multiplexers                                                       ; Auto               ; Auto               ;
; Create Debugging Nodes for IP Cores                                            ; Off                ; Off                ;
; Preserve fewer node names                                                      ; On                 ; On                 ;
; Disable OpenCore Plus hardware evaluation                                      ; Off                ; Off                ;
; Verilog Version                                                                ; Verilog_2001       ; Verilog_2001       ;
; VHDL Version                                                                   ; VHDL93             ; VHDL93             ;
; State Machine Processing                                                       ; Auto               ; Auto               ;
; Safe State Machine                                                             ; Off                ; Off                ;
; Extract Verilog State Machines                                                 ; On                 ; On                 ;
; Extract VHDL State Machines                                                    ; On                 ; On                 ;
; Ignore Verilog initial constructs                                              ; Off                ; Off                ;
; Add Pass-Through Logic to Inferred RAMs                                        ; On                 ; On                 ;
; Parallel Synthesis                                                             ; Off                ; Off                ;
; NOT Gate Push-Back                                                             ; On                 ; On                 ;
; Power-Up Don't Care                                                            ; On                 ; On                 ;
; Remove Redundant Logic Cells                                                   ; Off                ; Off                ;
; Remove Duplicate Registers                                                     ; On                 ; On                 ;
; Ignore CARRY Buffers                                                           ; Off                ; Off                ;
; Ignore CASCADE Buffers                                                         ; Off                ; Off                ;
; Ignore GLOBAL Buffers                                                          ; Off                ; Off                ;
; Ignore ROW GLOBAL Buffers                                                      ; Off                ; Off                ;
; Ignore LCELL Buffers                                                           ; Off                ; Off                ;
; Ignore SOFT Buffers                                                            ; On                 ; On                 ;
; Limit AHDL Integers to 32 Bits                                                 ; Off                ; Off                ;
; Optimization Technique -- Cyclone                                              ; Balanced           ; Balanced           ;
; Carry Chain Length -- Stratix/Stratix GX/Cyclone/MAX II/Cyclone II/Cyclone III ; 70                 ; 70                 ;
; Auto Carry Chains                                                              ; On                 ; On                 ;
; Auto Open-Drain Pins                                                           ; On                 ; On                 ;
; Perform WYSIWYG Primitive Resynthesis                                          ; Off                ; Off                ;
; Perform gate-level register retiming                                           ; Off                ; Off                ;
; Allow register retiming to trade off Tsu/Tco with Fmax                         ; On                 ; On                 ;
; Auto ROM Replacement                                                           ; On                 ; On                 ;
; Auto RAM Replacement                                                           ; On                 ; On                 ;
; Auto Shift Register Replacement                                                ; Auto               ; Auto               ;
; Auto Clock Enable Replacement                                                  ; On                 ; On                 ;
; Allow Synchronous Control Signals                                              ; On                 ; On                 ;
; Force Use of Synchronous Clear Signals                                         ; Off                ; Off                ;
; Auto RAM Block Balancing                                                       ; On                 ; On                 ;
; Auto RAM to Logic Cell Conversion                                              ; Off                ; Off                ;
; Auto Resource Sharing                                                          ; Off                ; Off                ;
; Allow Any RAM Size For Recognition                                             ; Off                ; Off                ;
; Allow Any ROM Size For Recognition                                             ; Off                ; Off                ;
; Allow Any Shift Register Size For Recognition                                  ; Off                ; Off                ;
; Ignore translate_off and synthesis_off directives                              ; Off                ; Off                ;
; Show Parameter Settings Tables in Synthesis Report                             ; On                 ; On                 ;
; Ignore Maximum Fan-Out Assignments                                             ; Off                ; Off                ;
; Retiming Meta-Stability Register Sequence Length                               ; 2                  ; 2                  ;
; PowerPlay Power Optimization                                                   ; Normal compilation ; Normal compilation ;
; HDL message level                                                              ; Level2             ; Level2             ;
; Suppress Register Optimization Related Messages                                ; Off                ; Off                ;
; Number of Removed Registers Reported in Synthesis Report                       ; 100                ; 100                ;
; Clock MUX Protection                                                           ; On                 ; On                 ;
; Block Design Naming                                                            ; Auto               ; Auto               ;
+--------------------------------------------------------------------------------+--------------------+--------------------+


+------------------------------------------------------------------------------------------------------------------------+
; Analysis & Synthesis Source Files Read                                                                                 ;
+----------------------------------+-----------------+------------------------------------+------------------------------+
; File Name with User-Entered Path ; Used in Netlist ; File Type                          ; File Name with Absolute Path ;
+----------------------------------+-----------------+------------------------------------+------------------------------+
; qjq.bdf                          ; yes             ; User Block Diagram/Schematic File  ; D:/jjjj/qjq.bdf              ;
; add4.bdf                         ; yes             ; User Block Diagram/Schematic File  ; D:/jjjj/add4.bdf             ;
; addsub_8.bdf                     ; yes             ; User Block Diagram/Schematic File  ; D:/jjjj/addsub_8.bdf         ;
+----------------------------------+-----------------+------------------------------------+------------------------------+


+-----------------------------------------------------+
; Analysis & Synthesis Resource Usage Summary         ;
+---------------------------------------------+-------+
; Resource                                    ; Usage ;
+---------------------------------------------+-------+
; Total logic elements                        ; 21    ;
;     -- Combinational with no register       ; 20    ;
;     -- Register only                        ; 1     ;
;     -- Combinational with a register        ; 0     ;
;                                             ;       ;
; Logic element usage by number of LUT inputs ;       ;
;     -- 4 input functions                    ; 1     ;
;     -- 3 input functions                    ; 9     ;
;     -- 2 input functions                    ; 8     ;
;     -- 1 input functions                    ; 2     ;
;     -- 0 input functions                    ; 0     ;
;                                             ;       ;
; Logic elements by mode                      ;       ;
;     -- normal mode                          ; 12    ;
;     -- arithmetic mode                      ; 9     ;
;     -- qfbk mode                            ; 0     ;
;     -- register cascade mode                ; 0     ;
;     -- synchronous clear/load mode          ; 0     ;
;     -- asynchronous clear/load mode         ; 1     ;
;                                             ;       ;
; Total registers                             ; 1     ;
; Total logic cells in carry chains           ; 10    ;
; I/O pins                                    ; 31    ;
; Maximum fan-out node                        ; sub   ;
; Maximum fan-out                             ; 10    ;
; Total fan-out                               ; 63    ;
; Average fan-out                             ; 1.21  ;
+---------------------------------------------+-------+


+--------------------------------------------------------------------------------------------------------------------------------------------------------------------------------------------------------------------------------+
; Analysis & Synthesis Resource Utilization by Entity                                                                                                                                                                            ;
+----------------------------+-------------+--------------+-------------+------+--------------+--------------+-------------------+------------------+-----------------+------------+------------------------------+--------------+
; Compilation Hierarchy Node ; Logic Cells ; LC Registers ; Memory Bits ; Pins ; Virtual Pins ; LUT-Only LCs ; Register-Only LCs ; LUT/Register LCs ; Carry Chain LCs ; Packed LCs ; Full Hierarchy Name          ; Library Name ;
+----------------------------+-------------+--------------+-------------+------+--------------+--------------+-------------------+------------------+-----------------+------------+------------------------------+--------------+
; |addsub_8                  ; 21 (11)     ; 1            ; 0           ; 31   ; 0            ; 20 (10)      ; 1 (1)             ; 0 (0)            ; 10 (0)          ; 0 (0)      ; |addsub_8                    ; work         ;
;    |add4:inst|             ; 10 (0)      ; 0            ; 0           ; 0    ; 0            ; 10 (0)       ; 0 (0)             ; 0 (0)            ; 10 (0)          ; 0 (0)      ; |addsub_8|add4:inst          ; work         ;
;       |qjq:inst|           ; 10 (10)     ; 0            ; 0           ; 0    ; 0            ; 10 (10)      ; 0 (0)             ; 0 (0)            ; 10 (10)         ; 0 (0)      ; |addsub_8|add4:inst|qjq:inst ; work         ;
+----------------------------+-------------+--------------+-------------+------+--------------+--------------+-------------------+------------------+-----------------+------------+------------------------------+--------------+
Note: For table entries with two numbers listed, the numbers in parentheses indicate the number of resources of the given type used by the specific entity alone. The numbers listed outside of parentheses indicate the total resources of the given type used by the specific entity and all of its sub-entities in the hierarchy.


+------------------------------------------------------+
; General Register Statistics                          ;
+----------------------------------------------+-------+
; Statistic                                    ; Value ;
+----------------------------------------------+-------+
; Total registers                              ; 1     ;
; Number of registers using Synchronous Clear  ; 0     ;
; Number of registers using Synchronous Load   ; 0     ;
; Number of registers using Asynchronous Clear ; 1     ;
; Number of registers using Asynchronous Load  ; 0     ;
; Number of registers using Clock Enable       ; 1     ;
; Number of registers using Preset             ; 0     ;
+----------------------------------------------+-------+


+-------------------------------+
; Analysis & Synthesis Messages ;
+-------------------------------+
Info: *******************************************************************
Info: Running Quartus II Analysis & Synthesis
    Info: Version 7.2 Build 151 09/26/2007 SJ Web Edition
    Info: Processing started: Mon Sep 12 21:03:30 2011
Info: Command: quartus_map --read_settings_files=on --write_settings_files=off one -c one
Warning: Ignored assignments for entity "addsub_8" -- entity does not exist in design
    Warning: Assignment of entity set_global_assignment -name LL_ROOT_REGION ON -section_id "Root Region" is ignored
    Warning: Assignment of entity set_global_assignment -name LL_MEMBER_STATE LOCKED -section_id "Root Region" is ignored
    Warning: Assignment of entity set_instance_assignment -name PARTITION_HIERARCHY no_file_for_top_partition -to | -section_id Top is ignored
    Warning: Assignment of entity set_global_assignment -name PARTITION_NETLIST_TYPE SOURCE -section_id Top is ignored
    Warning: Assignment of entity set_global_assignment -name PARTITION_COLOR 2147039 -section_id Top is ignored
    Warning: Assignment of entity set_global_assignment -name PARTITION_IMPORT_ASSIGNMENTS ON -section_id Top is ignored
    Warning: Assignment of entity set_global_assignment -name PARTITION_IMPORT_EXISTING_ASSIGNMENTS REPLACE_CONFLICTING -section_id Top is ignored
    Warning: Assignment of entity set_global_assignment -name PARTITION_IMPORT_EXISTING_LOGICLOCK_REGIONS REPLACE_CONFLICTING -section_id Top is ignored
    Warning: Assignment of entity set_global_assignment -name PARTITION_IMPORT_PIN_ASSIGNMENTS ON -section_id Top is ignored
    Warning: Assignment of entity set_global_assignment -name PARTITION_IMPORT_PROMOTE_ASSIGNMENTS ON -section_id Top is ignored
    Warning: Assignment of entity set_global_assignment -name PARTITION_TYPE STANDARD_PARTITION -section_id Top is ignored
Warning: Ignored assignments for entity "one" -- entity does not exist in design
    Warning: Assignment of entity set_global_assignment -name LL_ROOT_REGION ON -entity one -section_id "Root Region" is ignored
    Warning: Assignment of entity set_global_assignment -name LL_MEMBER_STATE LOCKED -entity one -section_id "Root Region" is ignored
Info: Found 1 design units, including 1 entities, in source file qjq.bdf
    Info: Found entity 1: qjq
Info: Found 1 design units, including 1 entities, in source file add4.bdf
    Info: Found entity 1: add4
Info: Found 1 design units, including 1 entities, in source file add8.bdf
    Info: Found entity 1: add8
Info: Found 1 design units, including 1 entities, in source file addsub.bdf
    Info: Found entity 1: addsub
Info: Found 1 design units, including 1 entities, in source file addsub_8.bdf
    Info: Found entity 1: addsub_8
Info: Elaborating entity "addsub_8" for the top level hierarchy
Info: Elaborating entity "add4" for hierarchy "add4:inst1"
Info: Elaborating entity "qjq" for hierarchy "add4:inst1|qjq:inst3"
Warning: Ignored assignments for entity "one" -- entity does not exist in design
    Warning: Assignment of entity set_global_assignment -name LL_ROOT_REGION ON -entity one -section_id "Root Region" is ignored
    Warning: Assignment of entity set_global_assignment -name LL_MEMBER_STATE LOCKED -entity one -section_id "Root Region" is ignored
Info: Implemented 52 device resources after synthesis - the final resource count might be different
    Info: Implemented 21 input pins
    Info: Implemented 10 output pins
    Info: Implemented 21 logic cells
Info: Quartus II Analysis & Synthesis was successful. 0 errors, 18 warnings
    Info: Allocated 135 megabytes of memory during processing
    Info: Processing ended: Mon Sep 12 21:03:33 2011
    Info: Elapsed time: 00:00:03


