Analysis & Synthesis report for jcq
Wed Sep 25 15:20:17 2013
Quartus II Version 7.2 Build 151 09/26/2007 SJ Web Edition


---------------------
; Table of Contents ;
---------------------
  1. Legal Notice
  2. Analysis & Synthesis Summary
  3. Analysis & Synthesis Settings
  4. Analysis & Synthesis Source Files Read
  5. Analysis & Synthesis Resource Usage Summary
  6. Analysis & Synthesis Resource Utilization by Entity
  7. General Register Statistics
  8. Analysis & Synthesis Messages



----------------
; Legal Notice ;
----------------
Copyright (C) 1991-2007 Altera Corporation
Your use of Altera Corporation's design tools, logic functions 
and other software and tools, and its AMPP partner logic 
functions, and any output files from any of the foregoing 
(including device programming or simulation files), and any 
associated documentation or information are expressly subject 
to the terms and conditions of the Altera Program License 
Subscription Agreement, Altera MegaCore Function License 
Agreement, or other applicable license agreement, including, 
without limitation, that your use is for the sole purpose of 
programming logic devices manufactured by Altera and sold by 
Altera or its authorized distributors.  Please refer to the 
applicable agreement for further details.



+-----------------------------------------------------------------------+
; Analysis & Synthesis Summary                                          ;
+-----------------------------+-----------------------------------------+
; Analysis & Synthesis Status ; Successful - Wed Sep 25 15:20:17 2013   ;
; Quartus II Version          ; 7.2 Build 151 09/26/2007 SJ Web Edition ;
; Revision Name               ; jcq                                     ;
; Top-level Entity Name       ; ymq8                                    ;
; Family                      ; Cyclone                                 ;
; Total logic elements        ; 288                                     ;
; Total pins                  ; 264                                     ;
; Total virtual pins          ; 0                                       ;
; Total memory bits           ; 0                                       ;
; DSP block 9-bit elements    ; N/A until Partition Merge               ;
; Total PLLs                  ; 0                                       ;
; Total DLLs                  ; N/A until Partition Merge               ;
+-----------------------------+-----------------------------------------+


+--------------------------------------------------------------------------------------------------------------------------+
; Analysis & Synthesis Settings                                                                                            ;
+--------------------------------------------------------------------------------+--------------------+--------------------+
; Option                                                                         ; Setting            ; Default Value      ;
+--------------------------------------------------------------------------------+--------------------+--------------------+
; Device                                                                         ; EP1C20F400C8       ;                    ;
; Top-level entity name                                                          ; ymq8               ; jcq                ;
; Family name                                                                    ; Cyclone            ; Stratix II         ;
; Use Generated Physical Constraints File                                        ; Off                ;                    ;
; Use smart compilation                                                          ; Off                ; Off                ;
; Maximum processors allowed for parallel compilation                            ; 1                  ; 1                  ;
; Restructure Multiplexers                                                       ; Auto               ; Auto               ;
; Create Debugging Nodes for IP Cores                                            ; Off                ; Off                ;
; Preserve fewer node names                                                      ; On                 ; On                 ;
; Disable OpenCore Plus hardware evaluation                                      ; Off                ; Off                ;
; Verilog Version                                                                ; Verilog_2001       ; Verilog_2001       ;
; VHDL Version                                                                   ; VHDL93             ; VHDL93             ;
; State Machine Processing                                                       ; Auto               ; Auto               ;
; Safe State Machine                                                             ; Off                ; Off                ;
; Extract Verilog State Machines                                                 ; On                 ; On                 ;
; Extract VHDL State Machines                                                    ; On                 ; On                 ;
; Ignore Verilog initial constructs                                              ; Off                ; Off                ;
; Add Pass-Through Logic to Inferred RAMs                                        ; On                 ; On                 ;
; Parallel Synthesis                                                             ; Off                ; Off                ;
; NOT Gate Push-Back                                                             ; On                 ; On                 ;
; Power-Up Don't Care                                                            ; On                 ; On                 ;
; Remove Redundant Logic Cells                                                   ; Off                ; Off                ;
; Remove Duplicate Registers                                                     ; On                 ; On                 ;
; Ignore CARRY Buffers                                                           ; Off                ; Off                ;
; Ignore CASCADE Buffers                                                         ; Off                ; Off                ;
; Ignore GLOBAL Buffers                                                          ; Off                ; Off                ;
; Ignore ROW GLOBAL Buffers                                                      ; Off                ; Off                ;
; Ignore LCELL Buffers                                                           ; Off                ; Off                ;
; Ignore SOFT Buffers                                                            ; On                 ; On                 ;
; Limit AHDL Integers to 32 Bits                                                 ; Off                ; Off                ;
; Optimization Technique -- Cyclone                                              ; Balanced           ; Balanced           ;
; Carry Chain Length -- Stratix/Stratix GX/Cyclone/MAX II/Cyclone II/Cyclone III ; 70                 ; 70                 ;
; Auto Carry Chains                                                              ; On                 ; On                 ;
; Auto Open-Drain Pins                                                           ; On                 ; On                 ;
; Perform WYSIWYG Primitive Resynthesis                                          ; Off                ; Off                ;
; Perform gate-level register retiming                                           ; Off                ; Off                ;
; Allow register retiming to trade off Tsu/Tco with Fmax                         ; On                 ; On                 ;
; Auto ROM Replacement                                                           ; On                 ; On                 ;
; Auto RAM Replacement                                                           ; On                 ; On                 ;
; Auto Shift Register Replacement                                                ; Auto               ; Auto               ;
; Auto Clock Enable Replacement                                                  ; On                 ; On                 ;
; Allow Synchronous Control Signals                                              ; On                 ; On                 ;
; Force Use of Synchronous Clear Signals                                         ; Off                ; Off                ;
; Auto RAM Block Balancing                                                       ; On                 ; On                 ;
; Auto RAM to Logic Cell Conversion                                              ; Off                ; Off                ;
; Auto Resource Sharing                                                          ; Off                ; Off                ;
; Allow Any RAM Size For Recognition                                             ; Off                ; Off                ;
; Allow Any ROM Size For Recognition                                             ; Off                ; Off                ;
; Allow Any Shift Register Size For Recognition                                  ; Off                ; Off                ;
; Ignore translate_off and synthesis_off directives                              ; Off                ; Off                ;
; Show Parameter Settings Tables in Synthesis Report                             ; On                 ; On                 ;
; Ignore Maximum Fan-Out Assignments                                             ; Off                ; Off                ;
; Retiming Meta-Stability Register Sequence Length                               ; 2                  ; 2                  ;
; PowerPlay Power Optimization                                                   ; Normal compilation ; Normal compilation ;
; HDL message level                                                              ; Level2             ; Level2             ;
; Suppress Register Optimization Related Messages                                ; Off                ; Off                ;
; Number of Removed Registers Reported in Synthesis Report                       ; 100                ; 100                ;
; Clock MUX Protection                                                           ; On                 ; On                 ;
; Block Design Naming                                                            ; Auto               ; Auto               ;
+--------------------------------------------------------------------------------+--------------------+--------------------+


+------------------------------------------------------------------------------------------------------------------------+
; Analysis & Synthesis Source Files Read                                                                                 ;
+----------------------------------+-----------------+------------------------------------+------------------------------+
; File Name with User-Entered Path ; Used in Netlist ; File Type                          ; File Name with Absolute Path ;
+----------------------------------+-----------------+------------------------------------+------------------------------+
; ymq_4.bdf                        ; yes             ; User Block Diagram/Schematic File  ; D:/¼Ä´æÆ÷/ymq_4.bdf          ;
; ymq8.bdf                         ; yes             ; User Block Diagram/Schematic File  ; D:/¼Ä´æÆ÷/ymq8.bdf           ;
+----------------------------------+-----------------+------------------------------------+------------------------------+


+---------------------------------------------------------------------+
; Analysis & Synthesis Resource Usage Summary                         ;
+---------------------------------------------+-----------------------+
; Resource                                    ; Usage                 ;
+---------------------------------------------+-----------------------+
; Total logic elements                        ; 288                   ;
;     -- Combinational with no register       ; 288                   ;
;     -- Register only                        ; 0                     ;
;     -- Combinational with a register        ; 0                     ;
;                                             ;                       ;
; Logic element usage by number of LUT inputs ;                       ;
;     -- 4 input functions                    ; 32                    ;
;     -- 3 input functions                    ; 0                     ;
;     -- 2 input functions                    ; 256                   ;
;     -- 1 input functions                    ; 0                     ;
;     -- 0 input functions                    ; 0                     ;
;                                             ;                       ;
; Logic elements by mode                      ;                       ;
;     -- normal mode                          ; 288                   ;
;     -- arithmetic mode                      ; 0                     ;
;     -- qfbk mode                            ; 0                     ;
;     -- register cascade mode                ; 0                     ;
;     -- synchronous clear/load mode          ; 0                     ;
;     -- asynchronous clear/load mode         ; 0                     ;
;                                             ;                       ;
; Total registers                             ; 0                     ;
; I/O pins                                    ; 264                   ;
; Maximum fan-out node                        ; ymq_4:inst11|inst2~48 ;
; Maximum fan-out                             ; 16                    ;
; Total fan-out                               ; 896                   ;
; Average fan-out                             ; 1.62                  ;
+---------------------------------------------+-----------------------+


+-----------------------------------------------------------------------------------------------------------------------------------------------------------------------------------------------------------------------+
; Analysis & Synthesis Resource Utilization by Entity                                                                                                                                                                   ;
+----------------------------+-------------+--------------+-------------+------+--------------+--------------+-------------------+------------------+-----------------+------------+---------------------+--------------+
; Compilation Hierarchy Node ; Logic Cells ; LC Registers ; Memory Bits ; Pins ; Virtual Pins ; LUT-Only LCs ; Register-Only LCs ; LUT/Register LCs ; Carry Chain LCs ; Packed LCs ; Full Hierarchy Name ; Library Name ;
+----------------------------+-------------+--------------+-------------+------+--------------+--------------+-------------------+------------------+-----------------+------------+---------------------+--------------+
; |ymq8                      ; 288 (256)   ; 0            ; 0           ; 264  ; 0            ; 288 (256)    ; 0 (0)             ; 0 (0)            ; 0 (0)           ; 0 (0)      ; |ymq8               ; work         ;
;    |ymq_4:inst11|          ; 16 (16)     ; 0            ; 0           ; 0    ; 0            ; 16 (16)      ; 0 (0)             ; 0 (0)            ; 0 (0)           ; 0 (0)      ; |ymq8|ymq_4:inst11  ; work         ;
;    |ymq_4:inst19|          ; 16 (16)     ; 0            ; 0           ; 0    ; 0            ; 16 (16)      ; 0 (0)             ; 0 (0)            ; 0 (0)           ; 0 (0)      ; |ymq8|ymq_4:inst19  ; work         ;
+----------------------------+-------------+--------------+-------------+------+--------------+--------------+-------------------+------------------+-----------------+------------+---------------------+--------------+
Note: For table entries with two numbers listed, the numbers in parentheses indicate the number of resources of the given type used by the specific entity alone. The numbers listed outside of parentheses indicate the total resources of the given type used by the specific entity and all of its sub-entities in the hierarchy.


+------------------------------------------------------+
; General Register Statistics                          ;
+----------------------------------------------+-------+
; Statistic                                    ; Value ;
+----------------------------------------------+-------+
; Total registers                              ; 0     ;
; Number of registers using Synchronous Clear  ; 0     ;
; Number of registers using Synchronous Load   ; 0     ;
; Number of registers using Asynchronous Clear ; 0     ;
; Number of registers using Asynchronous Load  ; 0     ;
; Number of registers using Clock Enable       ; 0     ;
; Number of registers using Preset             ; 0     ;
+----------------------------------------------+-------+


+-------------------------------+
; Analysis & Synthesis Messages ;
+-------------------------------+
Info: *******************************************************************
Info: Running Quartus II Analysis & Synthesis
    Info: Version 7.2 Build 151 09/26/2007 SJ Web Edition
    Info: Processing started: Wed Sep 25 15:20:15 2013
Info: Command: quartus_map --read_settings_files=on --write_settings_files=off jcq -c jcq
Info: Found 1 design units, including 1 entities, in source file ymq_8.bdf
    Info: Found entity 1: ymq_8
Info: Found 1 design units, including 1 entities, in source file jjdy.bdf
    Info: Found entity 1: jjdy
Info: Found 1 design units, including 1 entities, in source file jcqdy.bdf
    Info: Found entity 1: jcqdy
Info: Found 1 design units, including 1 entities, in source file jcqdy_4.bdf
    Info: Found entity 1: jcqdy_4
Info: Found 1 design units, including 1 entities, in source file jshq_8.bdf
    Info: Found entity 1: jshq_8
Info: Found 1 design units, including 1 entities, in source file jshqdy.bdf
    Info: Found entity 1: jshqdy
Info: Found 1 design units, including 1 entities, in source file jjydy.bdf
    Info: Found entity 1: jjydy
Info: Found 1 design units, including 1 entities, in source file xz.bdf
    Info: Found entity 1: xz
Info: Found 1 design units, including 1 entities, in source file xz3.bdf
    Info: Found entity 1: xz3
Info: Found 1 design units, including 1 entities, in source file Block1.bdf
    Info: Found entity 1: Block1
Info: Found 1 design units, including 1 entities, in source file ymq_4.bdf
    Info: Found entity 1: ymq_4
Info: Found 1 design units, including 1 entities, in source file ymq8.bdf
    Info: Found entity 1: ymq8
Info: Found 1 design units, including 1 entities, in source file cchdy.bdf
    Info: Found entity 1: cchdy
Info: Found 1 design units, including 1 entities, in source file cchq16.bdf
    Info: Found entity 1: cchq16
Info: Found 1 design units, including 1 entities, in source file cchq256.bdf
    Info: Found entity 1: cchq256
Info: Found 1 design units, including 1 entities, in source file cchqk.bdf
    Info: Found entity 1: cchqk
Info: Found 1 design units, including 1 entities, in source file cchq32.bdf
    Info: Found entity 1: cchq32
Info: Found 1 design units, including 1 entities, in source file cchq4096.bdf
    Info: Found entity 1: cchq4096
Info: Found 1 design units, including 1 entities, in source file addr.bdf
    Info: Found entity 1: addr
Info: Found 1 design units, including 1 entities, in source file addrz.bdf
    Info: Found entity 1: addrz
Info: Found 1 design units, including 1 entities, in source file jshq_8_t.bdf
    Info: Found entity 1: jshq_8_t
Info: Elaborating entity "ymq8" for the top level hierarchy
Info: Elaborating entity "ymq_4" for hierarchy "ymq_4:inst"
Warning: Processing legacy GDF or BDF entity "ymq_4" with Max+Plus II bus and instance naming rules
Warning: The design contains mutiple Block Design Files, and some design file(s) are using a naming scheme which is different from other design file(s).
Warning: Ignored assignments for entity "jcq" -- entity does not exist in design
    Warning: Assignment of entity set_global_assignment -name LL_ROOT_REGION ON -entity jcq -section_id "Root Region" is ignored
    Warning: Assignment of entity set_global_assignment -name LL_MEMBER_STATE LOCKED -entity jcq -section_id "Root Region" is ignored
Info: Implemented 552 device resources after synthesis - the final resource count might be different
    Info: Implemented 8 input pins
    Info: Implemented 256 output pins
    Info: Implemented 288 logic cells
Info: Quartus II Analysis & Synthesis was successful. 0 errors, 5 warnings
    Info: Allocated 136 megabytes of memory during processing
    Info: Processing ended: Wed Sep 25 15:20:17 2013
    Info: Elapsed time: 00:00:02


