Partition Merge report for jcq
Wed Mar 16 08:46:36 2011
Quartus II Version 7.0 Build 33 02/05/2007 SJ Full Version


---------------------
; Table of Contents ;
---------------------
  1. Legal Notice
  2. Partition Merge Summary
  3. Partition Merge Netlist Types Used
  4. Partition Merge Partition Statistics
  5. Partition Merge Resource Usage Summary
  6. Partition Merge Messages



----------------
; Legal Notice ;
----------------
Copyright (C) 1991-2007 Altera Corporation
Your use of Altera Corporation's design tools, logic functions 
and other software and tools, and its AMPP partner logic 
functions, and any output files from any of the foregoing 
(including device programming or simulation files), and any 
associated documentation or information are expressly subject 
to the terms and conditions of the Altera Program License 
Subscription Agreement, Altera MegaCore Function License 
Agreement, or other applicable license agreement, including, 
without limitation, that your use is for the sole purpose of 
programming logic devices manufactured by Altera and sold by 
Altera or its authorized distributors.  Please refer to the 
applicable agreement for further details.



+------------------------------------------------------------------+
; Partition Merge Summary                                          ;
+------------------------+-----------------------------------------+
; Partition Merge Status ; Successful - Wed Mar 16 08:46:36 2011   ;
; Quartus II Version     ; 7.0 Build 33 02/05/2007 SJ Full Version ;
; Revision Name          ; jcq                                     ;
; Top-level Entity Name  ; jcq                                     ;
; Family                 ; Cyclone                                 ;
; Total logic elements   ; 16                                      ;
; Total pins             ; 36                                      ;
; Total virtual pins     ; 0                                       ;
; Total memory bits      ; 0                                       ;
; Total PLLs             ; 0                                       ;
+------------------------+-----------------------------------------+


+---------------------------------------------------------------------------------------+
; Partition Merge Netlist Types Used                                                    ;
+----------------+------------------------+------------------------+--------------------+
; Partition Name ; Netlist Type Used      ; Netlist Type Requested ; Partition Contents ;
+----------------+------------------------+------------------------+--------------------+
; Top            ; Post-Synthesis Netlist ; Post-Synthesis Netlist ;                    ;
+----------------+------------------------+------------------------+--------------------+


+------------------------------------------------------------------------------------------------------------------------------------------------------------------------------------------------------------------------------------------------+
; Partition Merge Partition Statistics                                                                                                                                                                                                           ;
+----------------+----------------+-------------+--------------+------------------------+-------------------------+-------------------------+--------------------------+---------------------------+------------------------+--------------------+
; Partition Name ; Logic Elements ; Input Ports ; Output Ports ; Registered Input Ports ; Registered Output Ports ; Unconnected Input Ports ; Unconnected Output Ports ; Driven Ground Input Ports ; Driven VCC Input Ports ; Partition Contents ;
+----------------+----------------+-------------+--------------+------------------------+-------------------------+-------------------------+--------------------------+---------------------------+------------------------+--------------------+
; Top            ; 16             ; 20          ; 16           ; 19                     ; 0                       ; N/A                     ; N/A                      ; N/A                       ; N/A                    ;                    ;
+----------------+----------------+-------------+--------------+------------------------+-------------------------+-------------------------+--------------------------+---------------------------+------------------------+--------------------+


+-------------------------------------------------------+
; Partition Merge Resource Usage Summary                ;
+---------------------------------------------+---------+
; Resource                                    ; Usage   ;
+---------------------------------------------+---------+
; Total logic elements                        ; 16      ;
;     -- Combinational with no register       ; 0       ;
;     -- Register only                        ; 16      ;
;     -- Combinational with a register        ; 0       ;
;                                             ;         ;
; Logic element usage by number of LUT inputs ;         ;
;     -- 4 input functions                    ; 0       ;
;     -- 3 input functions                    ; 0       ;
;     -- 2 input functions                    ; 0       ;
;     -- 1 input functions                    ; 0       ;
;     -- 0 input functions                    ; 0       ;
;                                             ;         ;
; Logic elements by mode                      ;         ;
;     -- normal mode                          ; 16      ;
;     -- arithmetic mode                      ; 0       ;
;     -- qfbk mode                            ; 0       ;
;     -- register cascade mode                ; 0       ;
;     -- synchronous clear/load mode          ; 0       ;
;     -- asynchronous clear/load mode         ; 16      ;
;                                             ;         ;
; Total registers                             ; 16      ;
; I/O pins                                    ; 36      ;
; Maximum fan-out node                        ; con_out ;
; Maximum fan-out                             ; 16      ;
; Total fan-out                               ; 96      ;
; Average fan-out                             ; 1.85    ;
+---------------------------------------------+---------+


+--------------------------+
; Partition Merge Messages ;
+--------------------------+
Info: *******************************************************************
Info: Running Quartus II Partition Merge
    Info: Version 7.0 Build 33 02/05/2007 SJ Full Version
    Info: Processing started: Wed Mar 16 08:46:36 2011
Info: Command: quartus_cdb --read_settings_files=off --write_settings_files=off jcq -c jcq --merge=on
Info: Using synthesis netlist for partition "Top"
Info: Netlist merging resolved 1 partition(s) out of the 1 partition(s) found
Info: Quartus II Partition Merge was successful. 0 errors, 0 warnings
    Info: Allocated 94 megabytes of memory during processing
    Info: Processing ended: Wed Mar 16 08:46:36 2011
    Info: Elapsed time: 00:00:00


