Flow report for jcq
Wed Sep 25 15:20:28 2013
Quartus II Version 7.2 Build 151 09/26/2007 SJ Web Edition


---------------------
; Table of Contents ;
---------------------
  1. Legal Notice
  2. Flow Summary
  3. Flow Settings
  4. Flow Non-Default Global Settings
  5. Flow Elapsed Time
  6. Flow Log



----------------
; Legal Notice ;
----------------
Copyright (C) 1991-2007 Altera Corporation
Your use of Altera Corporation's design tools, logic functions 
and other software and tools, and its AMPP partner logic 
functions, and any output files from any of the foregoing 
(including device programming or simulation files), and any 
associated documentation or information are expressly subject 
to the terms and conditions of the Altera Program License 
Subscription Agreement, Altera MegaCore Function License 
Agreement, or other applicable license agreement, including, 
without limitation, that your use is for the sole purpose of 
programming logic devices manufactured by Altera and sold by 
Altera or its authorized distributors.  Please refer to the 
applicable agreement for further details.



+--------------------------------------------------------------------+
; Flow Summary                                                       ;
+--------------------------+-----------------------------------------+
; Flow Status              ; Successful - Wed Sep 25 15:20:28 2013   ;
; Quartus II Version       ; 7.2 Build 151 09/26/2007 SJ Web Edition ;
; Revision Name            ; jcq                                     ;
; Top-level Entity Name    ; ymq8                                    ;
; Family                   ; Cyclone                                 ;
; Device                   ; EP1C20F400C8                            ;
; Timing Models            ; Final                                   ;
; Met timing requirements  ; Yes                                     ;
; Total logic elements     ; 288 / 20,060 ( 1 % )                    ;
; Total pins               ; 264 / 301 ( 88 % )                      ;
; Total virtual pins       ; 0                                       ;
; Total memory bits        ; 0 / 294,912 ( 0 % )                     ;
; DSP block 9-bit elements ; N/A until Partition Merge               ;
; Total PLLs               ; 0 / 2 ( 0 % )                           ;
; Total DLLs               ; N/A until Partition Merge               ;
+--------------------------+-----------------------------------------+


+-----------------------------------------+
; Flow Settings                           ;
+-------------------+---------------------+
; Option            ; Setting             ;
+-------------------+---------------------+
; Start date & time ; 09/25/2013 15:20:16 ;
; Main task         ; Compilation         ;
; Revision Name     ; jcq                 ;
+-------------------+---------------------+


+-----------------------------------------------------------------------------------------+
; Flow Non-Default Global Settings                                                        ;
+------------------------------------+---------+---------------+-------------+------------+
; Assignment Name                    ; Value   ; Default Value ; Entity Name ; Section Id ;
+------------------------------------+---------+---------------+-------------+------------+
; PARTITION_COLOR                    ; 2147039 ; --            ; ymq8        ; Top        ;
; PARTITION_NETLIST_TYPE             ; SOURCE  ; --            ; ymq8        ; Top        ;
; TOP_LEVEL_ENTITY                   ; ymq8    ; jcq           ; --          ; --         ;
; USE_GENERATED_PHYSICAL_CONSTRAINTS ; Off     ; --            ; --          ; eda_palace ;
+------------------------------------+---------+---------------+-------------+------------+


+------------------------------------------------------------------+
; Flow Elapsed Time                                                ;
+-------------------------+--------------+-------------------------+
; Module Name             ; Elapsed Time ; Average Processors Used ;
+-------------------------+--------------+-------------------------+
; Analysis & Synthesis    ; 00:00:02     ; 1.0                     ;
; Fitter                  ; 00:00:05     ; 1.0                     ;
; Assembler               ; 00:00:02     ; 1.0                     ;
; Classic Timing Analyzer ; 00:00:00     ; 1.0                     ;
; Total                   ; 00:00:09     ; --                      ;
+-------------------------+--------------+-------------------------+


------------
; Flow Log ;
------------
quartus_map --read_settings_files=on --write_settings_files=off jcq -c jcq
quartus_fit --read_settings_files=off --write_settings_files=off jcq -c jcq
quartus_asm --read_settings_files=off --write_settings_files=off jcq -c jcq
quartus_tan --read_settings_files=off --write_settings_files=off jcq -c jcq --timing_analysis_only



