Flow report for soc
Wed Apr 20 06:06:17 2011
Quartus II Version 7.0 Build 33 02/05/2007 SJ Full Version


---------------------
; Table of Contents ;
---------------------
  1. Legal Notice
  2. Flow Summary
  3. Flow Settings
  4. Flow Non-Default Global Settings
  5. Flow Elapsed Time
  6. Flow Log



----------------
; Legal Notice ;
----------------
Copyright (C) 1991-2007 Altera Corporation
Your use of Altera Corporation's design tools, logic functions 
and other software and tools, and its AMPP partner logic 
functions, and any output files from any of the foregoing 
(including device programming or simulation files), and any 
associated documentation or information are expressly subject 
to the terms and conditions of the Altera Program License 
Subscription Agreement, Altera MegaCore Function License 
Agreement, or other applicable license agreement, including, 
without limitation, that your use is for the sole purpose of 
programming logic devices manufactured by Altera and sold by 
Altera or its authorized distributors.  Please refer to the 
applicable agreement for further details.



+-------------------------------------------------------------------+
; Flow Summary                                                      ;
+-------------------------+-----------------------------------------+
; Flow Status             ; Successful - Wed Apr 20 06:06:17 2011   ;
; Quartus II Version      ; 7.0 Build 33 02/05/2007 SJ Full Version ;
; Revision Name           ; soc                                     ;
; Top-level Entity Name   ; soc                                     ;
; Family                  ; Cyclone                                 ;
; Device                  ; EP1C6T144C8                             ;
; Timing Models           ; Final                                   ;
; Met timing requirements ; Yes                                     ;
; Total logic elements    ; 4,041 / 5,980 ( 68 % )                  ;
; Total pins              ; 62 / 98 ( 63 % )                        ;
; Total virtual pins      ; 0                                       ;
; Total memory bits       ; 75,712 / 92,160 ( 82 % )                ;
; Total PLLs              ; 1 / 2 ( 50 % )                          ;
+-------------------------+-----------------------------------------+


+-----------------------------------------+
; Flow Settings                           ;
+-------------------+---------------------+
; Option            ; Setting             ;
+-------------------+---------------------+
; Start date & time ; 04/20/2011 06:03:04 ;
; Main task         ; Compilation         ;
; Revision Name     ; soc                 ;
+-------------------+---------------------+


+--------------------------------------------------------------------+
; Flow Non-Default Global Settings                                   ;
+-----------------+-------+---------------+-------------+------------+
; Assignment Name ; Value ; Default Value ; Entity Name ; Section Id ;
+-----------------+-------+---------------+-------------+------------+


+----------------------------------------+
; Flow Elapsed Time                      ;
+-------------------------+--------------+
; Module Name             ; Elapsed Time ;
+-------------------------+--------------+
; Analysis & Synthesis    ; 00:01:20     ;
; Fitter                  ; 00:01:38     ;
; Assembler               ; 00:00:04     ;
; Classic Timing Analyzer ; 00:00:06     ;
; Total                   ; 00:03:08     ;
+-------------------------+--------------+


------------
; Flow Log ;
------------
quartus_map --read_settings_files=on --write_settings_files=off soc -c soc
quartus_fit --read_settings_files=off --write_settings_files=off soc -c soc
quartus_asm --read_settings_files=off --write_settings_files=off soc -c soc
quartus_tan --read_settings_files=off --write_settings_files=off soc -c soc --timing_analysis_only



