Assembler report for soc
Wed Apr 20 06:06:09 2011
Quartus II Version 7.0 Build 33 02/05/2007 SJ Full Version


---------------------
; Table of Contents ;
---------------------
  1. Legal Notice
  2. Assembler Summary
  3. Assembler Settings
  4. Assembler Generated Files
  5. Assembler Device Options: D:/PMC3/soc.sof
  6. Assembler Device Options: D:/PMC3/soc.pof
  7. Assembler Messages



----------------
; Legal Notice ;
----------------
Copyright (C) 1991-2007 Altera Corporation
Your use of Altera Corporation's design tools, logic functions 
and other software and tools, and its AMPP partner logic 
functions, and any output files from any of the foregoing 
(including device programming or simulation files), and any 
associated documentation or information are expressly subject 
to the terms and conditions of the Altera Program License 
Subscription Agreement, Altera MegaCore Function License 
Agreement, or other applicable license agreement, including, 
without limitation, that your use is for the sole purpose of 
programming logic devices manufactured by Altera and sold by 
Altera or its authorized distributors.  Please refer to the 
applicable agreement for further details.



+---------------------------------------------------------------+
; Assembler Summary                                             ;
+-----------------------+---------------------------------------+
; Assembler Status      ; Successful - Wed Apr 20 06:06:09 2011 ;
; Revision Name         ; soc                                   ;
; Top-level Entity Name ; soc                                   ;
; Family                ; Cyclone                               ;
; Device                ; EP1C6T144C8                           ;
+-----------------------+---------------------------------------+


+-----------------------------------------------------------------------------------------------------------+
; Assembler Settings                                                                                        ;
+--------------------------------------------------------------------------------+----------+---------------+
; Option                                                                         ; Setting  ; Default Value ;
+--------------------------------------------------------------------------------+----------+---------------+
; Configuration device                                                           ; Epcs1    ; Auto          ;
; Generate Serial Vector Format File (.svf) for Target Device                    ; Off      ; Off           ;
; Generate a JEDEC STAPL Format File (.jam) for Target Device                    ; Off      ; Off           ;
; Generate an uncompressed Jam STAPL Byte Code 2.0 File (.jbc) for Target Device ; Off      ; Off           ;
; Generate a compressed Jam STAPL Byte Code 2.0 File (.jbc) for Target Device    ; On       ; On            ;
; Generate compressed bitstreams                                                 ; On       ; On            ;
; Compression mode                                                               ; Off      ; Off           ;
; Clock source for configuration device                                          ; Internal ; Internal      ;
; Clock frequency of the configuration device                                    ; 10 MHZ   ; 10 MHz        ;
; Divide clock frequency by                                                      ; 1        ; 1             ;
; JTAG user code for target device                                               ; Ffffffff ; Ffffffff      ;
; Auto user code                                                                 ; Off      ; Off           ;
; Use configuration device                                                       ; On       ; On            ;
; JTAG user code for configuration device                                        ; Ffffffff ; Ffffffff      ;
; Configuration device auto user code                                            ; Off      ; Off           ;
; Auto-increment JTAG user code for multiple configuration devices               ; On       ; On            ;
; Generate Tabular Text File (.ttf) For Target Device                            ; Off      ; Off           ;
; Generate Raw Binary File (.rbf) For Target Device                              ; Off      ; Off           ;
; Generate Hexadecimal (Intel-Format) Output File (.hexout) for Target Device    ; Off      ; Off           ;
; Hexadecimal Output File start address                                          ; 0        ; 0             ;
; Hexadecimal Output File count direction                                        ; Up       ; Up            ;
; Release clears before tri-states                                               ; Off      ; Off           ;
; Auto-restart configuration after error                                         ; On       ; On            ;
; Use smart compilation                                                          ; Off      ; Off           ;
+--------------------------------------------------------------------------------+----------+---------------+


+---------------------------+
; Assembler Generated Files ;
+---------------------------+
; File Name                 ;
+---------------------------+
; D:/PMC3/soc.sof           ;
; D:/PMC3/soc.pof           ;
+---------------------------+


+-------------------------------------------+
; Assembler Device Options: D:/PMC3/soc.sof ;
+----------------+--------------------------+
; Option         ; Setting                  ;
+----------------+--------------------------+
; Device         ; EP1C6T144C8              ;
; JTAG usercode  ; 0xFFFFFFFF               ;
; Checksum       ; 0x00412BE4               ;
+----------------+--------------------------+


+-------------------------------------------+
; Assembler Device Options: D:/PMC3/soc.pof ;
+--------------------+----------------------+
; Option             ; Setting              ;
+--------------------+----------------------+
; Device             ; EPCS1                ;
; JTAG usercode      ; 0x00000000           ;
; Checksum           ; 0x011F244D           ;
; Compression Ratio  ; 1                    ;
+--------------------+----------------------+


+--------------------+
; Assembler Messages ;
+--------------------+
Info: *******************************************************************
Info: Running Quartus II Assembler
    Info: Version 7.0 Build 33 02/05/2007 SJ Full Version
    Info: Processing started: Wed Apr 20 06:06:05 2011
Info: Command: quartus_asm --read_settings_files=off --write_settings_files=off soc -c soc
Info: Assembler is generating device programming files
Info: Quartus II Assembler was successful. 0 errors, 0 warnings
    Info: Allocated 130 megabytes of memory during processing
    Info: Processing ended: Wed Apr 20 06:06:09 2011
    Info: Elapsed time: 00:00:04


