Info: Starting: Create block symbol file (.bsf)
Info: ip-generate --project-directory=/usr/local/projects/steps_cpu/cpu_on_board/ --output-directory=/usr/local/projects/steps_cpu/cpu_on_board/spi/ --report-file=bsf:/usr/local/projects/steps_cpu/cpu_on_board/spi.bsf --system-info=DEVICE_FAMILY="Cyclone II" --system-info=DEVICE=EP2C20F484C7 --system-info=DEVICE_SPEEDGRADE=7 --component-file=/usr/local/projects/steps_cpu/cpu_on_board/spi.qsys
Progress: Loading cpu_on_board/spi.qsys
Progress: Reading input file
Progress: Adding clk_0 [clock_source 13.0]
Progress: Parameterizing module clk_0
Progress: Adding spi_0 [altera_avalon_spi 13.0.1.99.2]
Progress: Parameterizing module spi_0
Progress: Building connections
Progress: Parameterizing connections
Progress: Validating
Progress: Done reading input file
Warning: spi.spi_0: Interrupt sender spi_0.irq is not connected to an interrupt receiver
Info: ip-generate succeeded.
Info: Finished: Create block symbol file (.bsf)
Info: 
Info: Starting: Create HDL design files for synthesis
Info: ip-generate --project-directory=/usr/local/projects/steps_cpu/cpu_on_board/ --output-directory=/usr/local/projects/steps_cpu/cpu_on_board/spi/synthesis/ --file-set=QUARTUS_SYNTH --report-file=sopcinfo:/usr/local/projects/steps_cpu/cpu_on_board/spi.sopcinfo --report-file=html:/usr/local/projects/steps_cpu/cpu_on_board/spi.html --report-file=qip:/usr/local/projects/steps_cpu/cpu_on_board/spi/synthesis/spi.qip --report-file=cmp:/usr/local/projects/steps_cpu/cpu_on_board/spi.cmp --report-file=svd --system-info=DEVICE_FAMILY="Cyclone II" --system-info=DEVICE=EP2C20F484C7 --system-info=DEVICE_SPEEDGRADE=7 --component-file=/usr/local/projects/steps_cpu/cpu_on_board/spi.qsys --language=VERILOG
Progress: Loading cpu_on_board/spi.qsys
Progress: Reading input file
Progress: Adding clk_0 [clock_source 13.0]
Progress: Parameterizing module clk_0
Progress: Adding spi_0 [altera_avalon_spi 13.0.1.99.2]
Progress: Parameterizing module spi_0
Progress: Building connections
Progress: Parameterizing connections
Progress: Validating
Progress: Done reading input file
Warning: spi.spi_0: Interrupt sender spi_0.irq is not connected to an interrupt receiver
Info: spi: Generating spi "spi" for QUARTUS_SYNTH
Info: pipeline_bridge_swap_transform: After transform: 2 modules, 2 connections
Info: No custom instruction connections, skipping transform 
Info: No Avalon connections, skipping transform 
Info: merlin_translator_transform: After transform: 2 modules, 2 connections
Info: reset_adaptation_transform: After transform: 3 modules, 4 connections
Info: merlin_mm_transform: After transform: 3 modules, 4 connections
Info: spi_0: Starting RTL generation for module 'spi_spi_0'
Info: spi_0:   Generation command is [exec /home/ashah/altera/13.0sp1/quartus/linux/perl/bin/perl -I /home/ashah/altera/13.0sp1/quartus/common/ip/altera/common/perl/5.8.3 -I /home/ashah/altera/13.0sp1/quartus/sopc_builder/bin/europa -I /home/ashah/altera/13.0sp1/quartus/sopc_builder/bin/perl_lib -I /home/ashah/altera/13.0sp1/quartus/sopc_builder/bin -I /home/ashah/altera/13.0sp1/quartus/../ip/altera/sopc_builder_ip/common -I /home/ashah/altera/13.0sp1/quartus/../ip/altera/sopc_builder_ip/altera_avalon_spi -- /home/ashah/altera/13.0sp1/quartus/../ip/altera/sopc_builder_ip/altera_avalon_spi/generate_rtl.pl --name=spi_spi_0 --dir=/tmp/alt0373_4086238159440647192.dir/0001_spi_0_gen/ --quartus_dir=/home/ashah/altera/13.0sp1/quartus --verilog --config=/tmp/alt0373_4086238159440647192.dir/0001_spi_0_gen//spi_spi_0_component_configuration.pl  --do_build_sim=0  ]
Info: spi_0: Done RTL generation for module 'spi_spi_0'
Info: spi_0: "spi" instantiated altera_avalon_spi "spi_0"
Info: rst_controller: "spi" instantiated altera_reset_controller "rst_controller"
Info: spi: Done spi" with 3 modules, 5 files, 27126 bytes
Info: ip-generate succeeded.
Info: Finished: Create HDL design files for synthesis
